{"/workspaces/Bimex/bimex-frontend/src/App.jsx": {"path":"/workspaces/Bimex/bimex-frontend/src/App.jsx","statementMap":{"0":{"start":{"line":22,"column":26},"end":{"line":22,"column":null}},"1":{"start":{"line":23,"column":19},"end":{"line":23,"column":null}},"2":{"start":{"line":24,"column":31},"end":{"line":24,"column":null}},"3":{"start":{"line":25,"column":6},"end":{"line":25,"column":47}},"4":{"start":{"line":26,"column":6},"end":{"line":26,"column":45}},"5":{"start":{"line":27,"column":26},"end":{"line":27,"column":null}},"6":{"start":{"line":29,"column":6},"end":{"line":29,"column":null}},"7":{"start":{"line":29,"column":30},"end":{"line":29,"column":null}},"8":{"start":{"line":30,"column":6},"end":{"line":30,"column":null}},"9":{"start":{"line":30,"column":33},"end":{"line":30,"column":null}},"10":{"start":{"line":31,"column":6},"end":{"line":31,"column":null}},"11":{"start":{"line":31,"column":33},"end":{"line":31,"column":null}},"12":{"start":{"line":32,"column":6},"end":{"line":32,"column":null}},"13":{"start":{"line":32,"column":31},"end":{"line":32,"column":null}},"14":{"start":{"line":34,"column":25},"end":{"line":34,"column":null}},"15":{"start":{"line":37,"column":2},"end":{"line":42,"column":null}},"16":{"start":{"line":38,"column":4},"end":{"line":42,"column":null}},"17":{"start":{"line":38,"column":69},"end":{"line":42,"column":7}},"18":{"start":{"line":44,"column":2},"end":{"line":44,"column":null}},"19":{"start":{"line":48,"column":2},"end":{"line":48,"column":null}},"20":{"start":{"line":52,"column":2},"end":{"line":55,"column":null}},"21":{"start":{"line":61,"column":2},"end":{"line":61,"column":null}},"22":{"start":{"line":65,"column":10},"end":{"line":65,"column":32}},"23":{"start":{"line":67,"column":2},"end":{"line":67,"column":null}},"24":{"start":{"line":67,"column":16},"end":{"line":67,"column":null}},"25":{"start":{"line":69,"column":2},"end":{"line":91,"column":null}},"26":{"start":{"line":97,"column":13},"end":{"line":97,"column":null}},"27":{"start":{"line":98,"column":13},"end":{"line":98,"column":null}},"28":{"start":{"line":99,"column":2},"end":{"line":106,"column":null}},"29":{"start":{"line":112,"column":17},"end":{"line":128,"column":null}},"30":{"start":{"line":130,"column":14},"end":{"line":135,"column":null}},"31":{"start":{"line":138,"column":18},"end":{"line":138,"column":null}},"32":{"start":{"line":139,"column":20},"end":{"line":139,"column":null}},"33":{"start":{"line":142,"column":16},"end":{"line":142,"column":120}},"34":{"start":{"line":142,"column":43},"end":{"line":142,"column":120}},"35":{"start":{"line":143,"column":2},"end":{"line":164,"column":null}},"36":{"start":{"line":144,"column":4},"end":{"line":145,"column":null}},"37":{"start":{"line":145,"column":6},"end":{"line":145,"column":null}},"38":{"start":{"line":147,"column":4},"end":{"line":163,"column":null}},"39":{"start":{"line":148,"column":60},"end":{"line":148,"column":137}},"40":{"start":{"line":148,"column":108},"end":{"line":148,"column":137}},"41":{"start":{"line":150,"column":31},"end":{"line":152,"column":21}},"42":{"start":{"line":151,"column":10},"end":{"line":151,"column":null}},"43":{"start":{"line":151,"column":16},"end":{"line":151,"column":60}},"44":{"start":{"line":151,"column":62},"end":{"line":151,"column":null}},"45":{"start":{"line":153,"column":27},"end":{"line":153,"column":null}},"46":{"start":{"line":153,"column":49},"end":{"line":153,"column":75}},"47":{"start":{"line":154,"column":21},"end":{"line":158,"column":null}},"48":{"start":{"line":159,"column":8},"end":{"line":159,"column":null}},"49":{"start":{"line":160,"column":8},"end":{"line":160,"column":null}},"50":{"start":{"line":161,"column":8},"end":{"line":161,"column":null}},"51":{"start":{"line":165,"column":2},"end":{"line":165,"column":null}},"52":{"start":{"line":170,"column":17},"end":{"line":170,"column":46}},"53":{"start":{"line":173,"column":4},"end":{"line":173,"column":null}},"54":{"start":{"line":174,"column":4},"end":{"line":181,"column":null}},"55":{"start":{"line":175,"column":36},"end":{"line":175,"column":61}},"56":{"start":{"line":176,"column":6},"end":{"line":176,"column":null}},"57":{"start":{"line":177,"column":6},"end":{"line":177,"column":null}},"58":{"start":{"line":178,"column":6},"end":{"line":178,"column":null}},"59":{"start":{"line":178,"column":23},"end":{"line":178,"column":40}},"60":{"start":{"line":180,"column":6},"end":{"line":180,"column":null}},"61":{"start":{"line":181,"column":6},"end":{"line":181,"column":null}},"62":{"start":{"line":181,"column":23},"end":{"line":181,"column":40}},"63":{"start":{"line":185,"column":17},"end":{"line":185,"column":null}},"64":{"start":{"line":187,"column":2},"end":{"line":203,"column":null}},"65":{"start":{"line":209,"column":2},"end":{"line":209,"column":null}},"66":{"start":{"line":209,"column":22},"end":{"line":209,"column":null}},"67":{"start":{"line":210,"column":2},"end":{"line":281,"column":null}},"68":{"start":{"line":221,"column":8},"end":{"line":279,"column":null}},"69":{"start":{"line":266,"column":27},"end":{"line":266,"column":41}},"70":{"start":{"line":287,"column":13},"end":{"line":287,"column":38}},"71":{"start":{"line":288,"column":8},"end":{"line":288,"column":32}},"72":{"start":{"line":289,"column":8},"end":{"line":289,"column":32}},"73":{"start":{"line":290,"column":25},"end":{"line":290,"column":57}},"74":{"start":{"line":291,"column":25},"end":{"line":291,"column":60}},"75":{"start":{"line":292,"column":25},"end":{"line":292,"column":61}},"76":{"start":{"line":293,"column":25},"end":{"line":293,"column":79}},"77":{"start":{"line":294,"column":25},"end":{"line":294,"column":61}},"78":{"start":{"line":295,"column":25},"end":{"line":295,"column":60}},"79":{"start":{"line":296,"column":25},"end":{"line":296,"column":100}},"80":{"start":{"line":296,"column":61},"end":{"line":296,"column":100}},"81":{"start":{"line":297,"column":25},"end":{"line":297,"column":61}},"82":{"start":{"line":298,"column":29},"end":{"line":298,"column":68}},"83":{"start":{"line":299,"column":34},"end":{"line":299,"column":79}},"84":{"start":{"line":300,"column":27},"end":{"line":300,"column":80}},"85":{"start":{"line":302,"column":2},"end":{"line":311,"column":null}},"86":{"start":{"line":303,"column":18},"end":{"line":303,"column":null}},"87":{"start":{"line":304,"column":4},"end":{"line":309,"column":null}},"88":{"start":{"line":305,"column":6},"end":{"line":305,"column":null}},"89":{"start":{"line":306,"column":6},"end":{"line":306,"column":null}},"90":{"start":{"line":308,"column":6},"end":{"line":308,"column":null}},"91":{"start":{"line":309,"column":6},"end":{"line":309,"column":null}},"92":{"start":{"line":313,"column":2},"end":{"line":315,"column":null}},"93":{"start":{"line":314,"column":4},"end":{"line":314,"column":null}},"94":{"start":{"line":318,"column":17},"end":{"line":318,"column":42}},"95":{"start":{"line":319,"column":8},"end":{"line":319,"column":30}},"96":{"start":{"line":321,"column":8},"end":{"line":323,"column":8}},"97":{"start":{"line":322,"column":4},"end":{"line":322,"column":null}},"98":{"start":{"line":322,"column":22},"end":{"line":322,"column":51}},"99":{"start":{"line":322,"column":39},"end":{"line":322,"column":51}},"100":{"start":{"line":325,"column":8},"end":{"line":329,"column":19}},"101":{"start":{"line":326,"column":15},"end":{"line":326,"column":null}},"102":{"start":{"line":327,"column":4},"end":{"line":327,"column":null}},"103":{"start":{"line":327,"column":22},"end":{"line":327,"column":50}},"104":{"start":{"line":328,"column":4},"end":{"line":328,"column":null}},"105":{"start":{"line":328,"column":21},"end":{"line":328,"column":36}},"106":{"start":{"line":331,"column":8},"end":{"line":333,"column":20}},"107":{"start":{"line":332,"column":4},"end":{"line":332,"column":null}},"108":{"start":{"line":335,"column":18},"end":{"line":335,"column":null}},"109":{"start":{"line":336,"column":19},"end":{"line":336,"column":null}},"110":{"start":{"line":337,"column":26},"end":{"line":337,"column":109}},"111":{"start":{"line":338,"column":23},"end":{"line":338,"column":null}},"112":{"start":{"line":339,"column":30},"end":{"line":339,"column":null}},"113":{"start":{"line":340,"column":24},"end":{"line":340,"column":null}},"114":{"start":{"line":343,"column":4},"end":{"line":343,"column":null}},"115":{"start":{"line":343,"column":14},"end":{"line":343,"column":null}},"116":{"start":{"line":344,"column":4},"end":{"line":344,"column":null}},"117":{"start":{"line":347,"column":8},"end":{"line":353,"column":16}},"118":{"start":{"line":348,"column":4},"end":{"line":348,"column":null}},"119":{"start":{"line":349,"column":4},"end":{"line":349,"column":null}},"120":{"start":{"line":350,"column":4},"end":{"line":350,"column":null}},"121":{"start":{"line":351,"column":4},"end":{"line":351,"column":null}},"122":{"start":{"line":352,"column":4},"end":{"line":352,"column":null}},"123":{"start":{"line":356,"column":4},"end":{"line":356,"column":null}},"124":{"start":{"line":357,"column":4},"end":{"line":365,"column":null}},"125":{"start":{"line":358,"column":6},"end":{"line":361,"column":null}},"126":{"start":{"line":360,"column":35},"end":{"line":360,"column":87}},"127":{"start":{"line":360,"column":52},"end":{"line":360,"column":80}},"128":{"start":{"line":363,"column":6},"end":{"line":363,"column":null}},"129":{"start":{"line":365,"column":14},"end":{"line":365,"column":34}},"130":{"start":{"line":365,"column":34},"end":{"line":365,"column":null}},"131":{"start":{"line":368,"column":8},"end":{"line":378,"column":34}},"132":{"start":{"line":369,"column":4},"end":{"line":376,"column":null}},"133":{"start":{"line":370,"column":6},"end":{"line":370,"column":null}},"134":{"start":{"line":371,"column":6},"end":{"line":371,"column":null}},"135":{"start":{"line":372,"column":6},"end":{"line":372,"column":null}},"136":{"start":{"line":373,"column":6},"end":{"line":373,"column":null}},"137":{"start":{"line":374,"column":6},"end":{"line":374,"column":null}},"138":{"start":{"line":374,"column":28},"end":{"line":374,"column":null}},"139":{"start":{"line":374,"column":45},"end":{"line":374,"column":64}},"140":{"start":{"line":376,"column":6},"end":{"line":376,"column":null}},"141":{"start":{"line":380,"column":2},"end":{"line":402,"column":null}},"142":{"start":{"line":382,"column":6},"end":{"line":382,"column":null}},"143":{"start":{"line":383,"column":6},"end":{"line":383,"column":null}},"144":{"start":{"line":384,"column":6},"end":{"line":384,"column":null}},"145":{"start":{"line":385,"column":6},"end":{"line":385,"column":null}},"146":{"start":{"line":389,"column":6},"end":{"line":389,"column":null}},"147":{"start":{"line":390,"column":6},"end":{"line":390,"column":null}},"148":{"start":{"line":391,"column":6},"end":{"line":391,"column":null}},"149":{"start":{"line":392,"column":6},"end":{"line":392,"column":null}},"150":{"start":{"line":395,"column":4},"end":{"line":395,"column":null}},"151":{"start":{"line":396,"column":4},"end":{"line":396,"column":null}},"152":{"start":{"line":398,"column":4},"end":{"line":400,"column":null}},"153":{"start":{"line":399,"column":6},"end":{"line":399,"column":null}},"154":{"start":{"line":400,"column":6},"end":{"line":400,"column":null}},"155":{"start":{"line":404,"column":8},"end":{"line":408,"column":8}},"156":{"start":{"line":405,"column":4},"end":{"line":405,"column":null}},"157":{"start":{"line":406,"column":4},"end":{"line":406,"column":null}},"158":{"start":{"line":407,"column":4},"end":{"line":407,"column":null}},"159":{"start":{"line":410,"column":8},"end":{"line":419,"column":26}},"160":{"start":{"line":411,"column":4},"end":{"line":411,"column":null}},"161":{"start":{"line":411,"column":29},"end":{"line":411,"column":null}},"162":{"start":{"line":412,"column":4},"end":{"line":412,"column":null}},"163":{"start":{"line":413,"column":4},"end":{"line":415,"column":null}},"164":{"start":{"line":414,"column":6},"end":{"line":414,"column":null}},"165":{"start":{"line":418,"column":4},"end":{"line":418,"column":null}},"166":{"start":{"line":421,"column":8},"end":{"line":425,"column":8}},"167":{"start":{"line":422,"column":4},"end":{"line":422,"column":null}},"168":{"start":{"line":423,"column":4},"end":{"line":423,"column":null}},"169":{"start":{"line":424,"column":4},"end":{"line":424,"column":null}},"170":{"start":{"line":427,"column":27},"end":{"line":427,"column":null}},"171":{"start":{"line":428,"column":27},"end":{"line":430,"column":23}},"172":{"start":{"line":432,"column":8},"end":{"line":432,"column":77}},"173":{"start":{"line":432,"column":45},"end":{"line":432,"column":74}},"174":{"start":{"line":432,"column":63},"end":{"line":432,"column":69}},"175":{"start":{"line":433,"column":8},"end":{"line":433,"column":78}},"176":{"start":{"line":433,"column":43},"end":{"line":433,"column":65}},"177":{"start":{"line":435,"column":2},"end":{"line":683,"column":null}},"178":{"start":{"line":438,"column":62},"end":{"line":438,"column":85}},"179":{"start":{"line":460,"column":31},"end":{"line":460,"column":53}},"180":{"start":{"line":472,"column":31},"end":{"line":472,"column":50}},"181":{"start":{"line":484,"column":31},"end":{"line":484,"column":57}},"182":{"start":{"line":496,"column":31},"end":{"line":496,"column":51}},"183":{"start":{"line":515,"column":31},"end":{"line":515,"column":76}},"184":{"start":{"line":515,"column":44},"end":{"line":515,"column":76}},"185":{"start":{"line":526,"column":31},"end":{"line":526,"column":88}},"186":{"start":{"line":534,"column":82},"end":{"line":534,"column":100}},"187":{"start":{"line":567,"column":41},"end":{"line":567,"column":67}},"188":{"start":{"line":568,"column":37},"end":{"line":568,"column":59}},"189":{"start":{"line":569,"column":36},"end":{"line":569,"column":57}},"190":{"start":{"line":570,"column":38},"end":{"line":570,"column":61}},"191":{"start":{"line":583,"column":31},"end":{"line":583,"column":50}},"192":{"start":{"line":596,"column":34},"end":{"line":596,"column":null}},"193":{"start":{"line":606,"column":47},"end":{"line":606,"column":84}},"194":{"start":{"line":623,"column":47},"end":{"line":623,"column":87}},"195":{"start":{"line":627,"column":186},"end":{"line":627,"column":226}},"196":{"start":{"line":628,"column":69},"end":{"line":628,"column":109}},"197":{"start":{"line":629,"column":73},"end":{"line":629,"column":113}},"198":{"start":{"line":654,"column":30},"end":{"line":654,"column":50}},"199":{"start":{"line":655,"column":32},"end":{"line":655,"column":54}},"200":{"start":{"line":655,"column":54},"end":{"line":655,"column":null}},"201":{"start":{"line":664,"column":49},"end":{"line":664,"column":71}},"202":{"start":{"line":669,"column":49},"end":{"line":669,"column":70}},"203":{"start":{"line":674,"column":49},"end":{"line":674,"column":72}},"204":{"start":{"line":689,"column":10},"end":{"line":689,"column":32}},"205":{"start":{"line":690,"column":20},"end":{"line":690,"column":34}},"206":{"start":{"line":691,"column":34},"end":{"line":691,"column":63}},"207":{"start":{"line":693,"column":21},"end":{"line":697,"column":null}},"208":{"start":{"line":699,"column":2},"end":{"line":922,"column":null}},"209":{"start":{"line":713,"column":27},"end":{"line":713,"column":72}},"210":{"start":{"line":713,"column":40},"end":{"line":713,"column":72}},"211":{"start":{"line":780,"column":14},"end":{"line":789,"column":null}},"212":{"start":{"line":803,"column":12},"end":{"line":811,"column":null}},"213":{"start":{"line":861,"column":14},"end":{"line":864,"column":null}},"214":{"start":{"line":880,"column":14},"end":{"line":886,"column":null}},"215":{"start":{"line":930,"column":11},"end":{"line":1060,"column":null}}},"fnMap":{"0":{"name":"(anonymous_0)","decl":{"start":{"line":29,"column":19},"end":{"line":29,"column":30}},"loc":{"start":{"line":29,"column":30},"end":{"line":29,"column":null}},"line":29},"1":{"name":"(anonymous_1)","decl":{"start":{"line":30,"column":22},"end":{"line":30,"column":33}},"loc":{"start":{"line":30,"column":33},"end":{"line":30,"column":null}},"line":30},"2":{"name":"(anonymous_2)","decl":{"start":{"line":31,"column":22},"end":{"line":31,"column":33}},"loc":{"start":{"line":31,"column":33},"end":{"line":31,"column":null}},"line":31},"3":{"name":"(anonymous_3)","decl":{"start":{"line":32,"column":20},"end":{"line":32,"column":31}},"loc":{"start":{"line":32,"column":31},"end":{"line":32,"column":null}},"line":32},"4":{"name":"cargarContratoFns","decl":{"start":{"line":36,"column":9},"end":{"line":36,"column":29}},"loc":{"start":{"line":36,"column":29},"end":{"line":44,"column":null}},"line":36},"5":{"name":"(anonymous_5)","decl":{"start":{"line":38,"column":60},"end":{"line":38,"column":69}},"loc":{"start":{"line":38,"column":69},"end":{"line":42,"column":7}},"line":38},"6":{"name":"leerAutoConectarInicial","decl":{"start":{"line":47,"column":9},"end":{"line":47,"column":35}},"loc":{"start":{"line":47,"column":35},"end":{"line":48,"column":null}},"line":47},"7":{"name":"Cargando","decl":{"start":{"line":51,"column":9},"end":{"line":51,"column":18}},"loc":{"start":{"line":51,"column":38},"end":{"line":55,"column":null}},"line":51},"8":{"name":"leerBannerPwaInicial","decl":{"start":{"line":60,"column":9},"end":{"line":60,"column":32}},"loc":{"start":{"line":60,"column":32},"end":{"line":61,"column":null}},"line":60},"9":{"name":"PwaInstallBanner","decl":{"start":{"line":64,"column":9},"end":{"line":64,"column":26}},"loc":{"start":{"line":64,"column":95},"end":{"line":91,"column":null}},"line":64},"10":{"name":"LogoSVG","decl":{"start":{"line":96,"column":9},"end":{"line":96,"column":17}},"loc":{"start":{"line":96,"column":47},"end":{"line":106,"column":null}},"line":96},"11":{"name":"useLiveStats","decl":{"start":{"line":141,"column":9},"end":{"line":141,"column":24}},"loc":{"start":{"line":141,"column":24},"end":{"line":165,"column":null}},"line":141},"12":{"name":"(anonymous_12)","decl":{"start":{"line":142,"column":28},"end":{"line":142,"column":43}},"loc":{"start":{"line":142,"column":43},"end":{"line":142,"column":120}},"line":142},"13":{"name":"(anonymous_13)","decl":{"start":{"line":143,"column":2},"end":{"line":143,"column":18}},"loc":{"start":{"line":143,"column":18},"end":{"line":164,"column":7}},"line":143},"14":{"name":"(anonymous_14)","decl":{"start":{"line":148,"column":7},"end":{"line":148,"column":13}},"loc":{"start":{"line":148,"column":60},"end":{"line":148,"column":137}},"line":148},"15":{"name":"(anonymous_15)","decl":{"start":{"line":148,"column":87},"end":{"line":148,"column":93}},"loc":{"start":{"line":148,"column":108},"end":{"line":148,"column":137}},"line":148},"16":{"name":"(anonymous_16)","decl":{"start":{"line":149,"column":7},"end":{"line":149,"column":13}},"loc":{"start":{"line":149,"column":45},"end":{"line":162,"column":null}},"line":149},"17":{"name":"(anonymous_17)","decl":{"start":{"line":150,"column":41},"end":{"line":150,"column":49}},"loc":{"start":{"line":150,"column":58},"end":{"line":152,"column":18}},"line":150},"18":{"name":"(anonymous_18)","decl":{"start":{"line":153,"column":37},"end":{"line":153,"column":44}},"loc":{"start":{"line":153,"column":49},"end":{"line":153,"column":75}},"line":153},"19":{"name":"(anonymous_19)","decl":{"start":{"line":163,"column":7},"end":{"line":163,"column":19}},"loc":{"start":{"line":163,"column":19},"end":{"line":163,"column":22}},"line":163},"20":{"name":"BtnFaucet","decl":{"start":{"line":169,"column":9},"end":{"line":169,"column":19}},"loc":{"start":{"line":169,"column":34},"end":{"line":203,"column":null}},"line":169},"21":{"name":"pedir","decl":{"start":{"line":172,"column":17},"end":{"line":172,"column":25}},"loc":{"start":{"line":172,"column":25},"end":{"line":181,"column":null}},"line":172},"22":{"name":"(anonymous_22)","decl":{"start":{"line":178,"column":6},"end":{"line":178,"column":23}},"loc":{"start":{"line":178,"column":23},"end":{"line":178,"column":40}},"line":178},"23":{"name":"(anonymous_23)","decl":{"start":{"line":181,"column":6},"end":{"line":181,"column":23}},"loc":{"start":{"line":181,"column":23},"end":{"line":181,"column":40}},"line":181},"24":{"name":"ToastContainer","decl":{"start":{"line":208,"column":9},"end":{"line":208,"column":24}},"loc":{"start":{"line":208,"column":46},"end":{"line":281,"column":null}},"line":208},"25":{"name":"(anonymous_25)","decl":{"start":{"line":220,"column":14},"end":{"line":220,"column":18}},"loc":{"start":{"line":221,"column":8},"end":{"line":279,"column":null}},"line":221},"26":{"name":"(anonymous_26)","decl":{"start":{"line":266,"column":12},"end":{"line":266,"column":27}},"loc":{"start":{"line":266,"column":27},"end":{"line":266,"column":41}},"line":266},"27":{"name":"App","decl":{"start":{"line":286,"column":24},"end":{"line":286,"column":30}},"loc":{"start":{"line":286,"column":30},"end":{"line":683,"column":null}},"line":286},"28":{"name":"(anonymous_28)","decl":{"start":{"line":296,"column":46},"end":{"line":296,"column":61}},"loc":{"start":{"line":296,"column":61},"end":{"line":296,"column":100}},"line":296},"29":{"name":"(anonymous_29)","decl":{"start":{"line":302,"column":2},"end":{"line":302,"column":18}},"loc":{"start":{"line":302,"column":18},"end":{"line":311,"column":6}},"line":302},"30":{"name":"(anonymous_30)","decl":{"start":{"line":313,"column":2},"end":{"line":313,"column":18}},"loc":{"start":{"line":313,"column":18},"end":{"line":315,"column":6}},"line":313},"31":{"name":"(anonymous_31)","decl":{"start":{"line":321,"column":22},"end":{"line":321,"column":35}},"loc":{"start":{"line":321,"column":42},"end":{"line":323,"column":7}},"line":321},"32":{"name":"(anonymous_32)","decl":{"start":{"line":322,"column":4},"end":{"line":322,"column":14}},"loc":{"start":{"line":322,"column":22},"end":{"line":322,"column":51}},"line":322},"33":{"name":"(anonymous_33)","decl":{"start":{"line":322,"column":27},"end":{"line":322,"column":34}},"loc":{"start":{"line":322,"column":39},"end":{"line":322,"column":51}},"line":322},"34":{"name":"(anonymous_34)","decl":{"start":{"line":325,"column":23},"end":{"line":325,"column":36}},"loc":{"start":{"line":325,"column":60},"end":{"line":329,"column":6}},"line":325},"35":{"name":"(anonymous_35)","decl":{"start":{"line":327,"column":4},"end":{"line":327,"column":14}},"loc":{"start":{"line":327,"column":22},"end":{"line":327,"column":50}},"line":327},"36":{"name":"(anonymous_36)","decl":{"start":{"line":328,"column":4},"end":{"line":328,"column":21}},"loc":{"start":{"line":328,"column":21},"end":{"line":328,"column":36}},"line":328},"37":{"name":"(anonymous_37)","decl":{"start":{"line":331,"column":23},"end":{"line":331,"column":36}},"loc":{"start":{"line":331,"column":44},"end":{"line":333,"column":6}},"line":331},"38":{"name":"formatearDir","decl":{"start":{"line":342,"column":11},"end":{"line":342,"column":24}},"loc":{"start":{"line":342,"column":29},"end":{"line":344,"column":null}},"line":342},"39":{"name":"(anonymous_39)","decl":{"start":{"line":347,"column":27},"end":{"line":347,"column":45}},"loc":{"start":{"line":347,"column":45},"end":{"line":353,"column":6}},"line":347},"40":{"name":"cerrarSesionWallet","decl":{"start":{"line":355,"column":17},"end":{"line":355,"column":38}},"loc":{"start":{"line":355,"column":38},"end":{"line":365,"column":null}},"line":355},"41":{"name":"(anonymous_41)","decl":{"start":{"line":360,"column":12},"end":{"line":360,"column":21}},"loc":{"start":{"line":360,"column":35},"end":{"line":360,"column":87}},"line":360},"42":{"name":"(anonymous_42)","decl":{"start":{"line":360,"column":35},"end":{"line":360,"column":52}},"loc":{"start":{"line":360,"column":52},"end":{"line":360,"column":80}},"line":360},"43":{"name":"(anonymous_43)","decl":{"start":{"line":368,"column":27},"end":{"line":368,"column":40}},"loc":{"start":{"line":368,"column":49},"end":{"line":378,"column":6}},"line":368},"44":{"name":"(anonymous_44)","decl":{"start":{"line":374,"column":28},"end":{"line":374,"column":45}},"loc":{"start":{"line":374,"column":45},"end":{"line":374,"column":64}},"line":374},"45":{"name":"(anonymous_45)","decl":{"start":{"line":380,"column":2},"end":{"line":380,"column":18}},"loc":{"start":{"line":380,"column":18},"end":{"line":402,"column":7}},"line":380},"46":{"name":"onBeforeInstallPrompt","decl":{"start":{"line":381,"column":13},"end":{"line":381,"column":35}},"loc":{"start":{"line":381,"column":42},"end":{"line":385,"column":null}},"line":381},"47":{"name":"onAppInstalled","decl":{"start":{"line":388,"column":13},"end":{"line":388,"column":30}},"loc":{"start":{"line":388,"column":30},"end":{"line":392,"column":null}},"line":388},"48":{"name":"(anonymous_48)","decl":{"start":{"line":398,"column":4},"end":{"line":398,"column":17}},"loc":{"start":{"line":398,"column":17},"end":{"line":400,"column":null}},"line":398},"49":{"name":"(anonymous_49)","decl":{"start":{"line":404,"column":26},"end":{"line":404,"column":44}},"loc":{"start":{"line":404,"column":44},"end":{"line":408,"column":7}},"line":404},"50":{"name":"(anonymous_50)","decl":{"start":{"line":410,"column":34},"end":{"line":410,"column":46}},"loc":{"start":{"line":410,"column":46},"end":{"line":419,"column":6}},"line":410},"51":{"name":"(anonymous_51)","decl":{"start":{"line":421,"column":32},"end":{"line":421,"column":50}},"loc":{"start":{"line":421,"column":50},"end":{"line":425,"column":7}},"line":421},"52":{"name":"(anonymous_52)","decl":{"start":{"line":432,"column":25},"end":{"line":432,"column":43}},"loc":{"start":{"line":432,"column":43},"end":{"line":432,"column":76}},"line":432},"53":{"name":"(anonymous_53)","decl":{"start":{"line":432,"column":45},"end":{"line":432,"column":58}},"loc":{"start":{"line":432,"column":63},"end":{"line":432,"column":69}},"line":432},"54":{"name":"(anonymous_54)","decl":{"start":{"line":433,"column":25},"end":{"line":433,"column":43}},"loc":{"start":{"line":433,"column":43},"end":{"line":433,"column":65}},"line":433},"55":{"name":"(anonymous_55)","decl":{"start":{"line":438,"column":44},"end":{"line":438,"column":62}},"loc":{"start":{"line":438,"column":62},"end":{"line":438,"column":85}},"line":438},"56":{"name":"(anonymous_56)","decl":{"start":{"line":460,"column":16},"end":{"line":460,"column":31}},"loc":{"start":{"line":460,"column":31},"end":{"line":460,"column":53}},"line":460},"57":{"name":"(anonymous_57)","decl":{"start":{"line":472,"column":16},"end":{"line":472,"column":31}},"loc":{"start":{"line":472,"column":31},"end":{"line":472,"column":50}},"line":472},"58":{"name":"(anonymous_58)","decl":{"start":{"line":484,"column":16},"end":{"line":484,"column":31}},"loc":{"start":{"line":484,"column":31},"end":{"line":484,"column":57}},"line":484},"59":{"name":"(anonymous_59)","decl":{"start":{"line":496,"column":16},"end":{"line":496,"column":31}},"loc":{"start":{"line":496,"column":31},"end":{"line":496,"column":51}},"line":496},"60":{"name":"(anonymous_60)","decl":{"start":{"line":515,"column":16},"end":{"line":515,"column":31}},"loc":{"start":{"line":515,"column":31},"end":{"line":515,"column":76}},"line":515},"61":{"name":"(anonymous_61)","decl":{"start":{"line":515,"column":31},"end":{"line":515,"column":39}},"loc":{"start":{"line":515,"column":44},"end":{"line":515,"column":76}},"line":515},"62":{"name":"(anonymous_62)","decl":{"start":{"line":526,"column":16},"end":{"line":526,"column":31}},"loc":{"start":{"line":526,"column":31},"end":{"line":526,"column":88}},"line":526},"63":{"name":"(anonymous_63)","decl":{"start":{"line":534,"column":67},"end":{"line":534,"column":82}},"loc":{"start":{"line":534,"column":82},"end":{"line":534,"column":100}},"line":534},"64":{"name":"(anonymous_64)","decl":{"start":{"line":567,"column":18},"end":{"line":567,"column":41}},"loc":{"start":{"line":567,"column":41},"end":{"line":567,"column":67}},"line":567},"65":{"name":"(anonymous_65)","decl":{"start":{"line":568,"column":18},"end":{"line":568,"column":37}},"loc":{"start":{"line":568,"column":37},"end":{"line":568,"column":59}},"line":568},"66":{"name":"(anonymous_66)","decl":{"start":{"line":569,"column":18},"end":{"line":569,"column":36}},"loc":{"start":{"line":569,"column":36},"end":{"line":569,"column":57}},"line":569},"67":{"name":"(anonymous_67)","decl":{"start":{"line":570,"column":18},"end":{"line":570,"column":38}},"loc":{"start":{"line":570,"column":38},"end":{"line":570,"column":61}},"line":570},"68":{"name":"(anonymous_68)","decl":{"start":{"line":583,"column":16},"end":{"line":583,"column":31}},"loc":{"start":{"line":583,"column":31},"end":{"line":583,"column":50}},"line":583},"69":{"name":"(anonymous_69)","decl":{"start":{"line":596,"column":16},"end":{"line":596,"column":26}},"loc":{"start":{"line":596,"column":34},"end":{"line":596,"column":null}},"line":596},"70":{"name":"(anonymous_70)","decl":{"start":{"line":606,"column":18},"end":{"line":606,"column":34}},"loc":{"start":{"line":606,"column":47},"end":{"line":606,"column":84}},"line":606},"71":{"name":"(anonymous_71)","decl":{"start":{"line":623,"column":31},"end":{"line":623,"column":47}},"loc":{"start":{"line":623,"column":47},"end":{"line":623,"column":87}},"line":623},"72":{"name":"(anonymous_72)","decl":{"start":{"line":627,"column":171},"end":{"line":627,"column":186}},"loc":{"start":{"line":627,"column":186},"end":{"line":627,"column":226}},"line":627},"73":{"name":"(anonymous_73)","decl":{"start":{"line":628,"column":53},"end":{"line":628,"column":69}},"loc":{"start":{"line":628,"column":69},"end":{"line":628,"column":109}},"line":628},"74":{"name":"(anonymous_74)","decl":{"start":{"line":629,"column":57},"end":{"line":629,"column":73}},"loc":{"start":{"line":629,"column":73},"end":{"line":629,"column":113}},"line":629},"75":{"name":"(anonymous_75)","decl":{"start":{"line":654,"column":14},"end":{"line":654,"column":30}},"loc":{"start":{"line":654,"column":30},"end":{"line":654,"column":50}},"line":654},"76":{"name":"(anonymous_76)","decl":{"start":{"line":655,"column":14},"end":{"line":655,"column":30}},"loc":{"start":{"line":655,"column":30},"end":{"line":655,"column":null}},"line":655},"77":{"name":"(anonymous_77)","decl":{"start":{"line":664,"column":34},"end":{"line":664,"column":49}},"loc":{"start":{"line":664,"column":49},"end":{"line":664,"column":71}},"line":664},"78":{"name":"(anonymous_78)","decl":{"start":{"line":669,"column":34},"end":{"line":669,"column":49}},"loc":{"start":{"line":669,"column":49},"end":{"line":669,"column":70}},"line":669},"79":{"name":"(anonymous_79)","decl":{"start":{"line":674,"column":34},"end":{"line":674,"column":49}},"loc":{"start":{"line":674,"column":49},"end":{"line":674,"column":72}},"line":674},"80":{"name":"Landing","decl":{"start":{"line":688,"column":9},"end":{"line":688,"column":17}},"loc":{"start":{"line":688,"column":147},"end":{"line":922,"column":null}},"line":688},"81":{"name":"(anonymous_81)","decl":{"start":{"line":713,"column":12},"end":{"line":713,"column":27}},"loc":{"start":{"line":713,"column":27},"end":{"line":713,"column":72}},"line":713},"82":{"name":"(anonymous_82)","decl":{"start":{"line":713,"column":27},"end":{"line":713,"column":35}},"loc":{"start":{"line":713,"column":40},"end":{"line":713,"column":72}},"line":713},"83":{"name":"(anonymous_83)","decl":{"start":{"line":779,"column":14},"end":{"line":779,"column":18}},"loc":{"start":{"line":780,"column":14},"end":{"line":789,"column":null}},"line":780},"84":{"name":"(anonymous_84)","decl":{"start":{"line":802,"column":22},"end":{"line":802,"column":27}},"loc":{"start":{"line":803,"column":12},"end":{"line":811,"column":null}},"line":803},"85":{"name":"(anonymous_85)","decl":{"start":{"line":860,"column":22},"end":{"line":860,"column":26}},"loc":{"start":{"line":861,"column":14},"end":{"line":864,"column":null}},"line":861},"86":{"name":"(anonymous_86)","decl":{"start":{"line":879,"column":19},"end":{"line":879,"column":23}},"loc":{"start":{"line":880,"column":14},"end":{"line":886,"column":null}},"line":880}},"branchMap":{"0":{"loc":{"start":{"line":27,"column":26},"end":{"line":27,"column":null}},"type":"binary-expr","locations":[{"start":{"line":27,"column":26},"end":{"line":27,"column":64}},{"start":{"line":27,"column":64},"end":{"line":27,"column":null}}],"line":27},"1":{"loc":{"start":{"line":37,"column":2},"end":{"line":42,"column":null}},"type":"if","locations":[{"start":{"line":37,"column":2},"end":{"line":42,"column":null}},{"start":{},"end":{}}],"line":37},"2":{"loc":{"start":{"line":51,"column":20},"end":{"line":51,"column":38}},"type":"default-arg","locations":[{"start":{"line":51,"column":29},"end":{"line":51,"column":38}}],"line":51},"3":{"loc":{"start":{"line":53,"column":20},"end":{"line":53,"column":74}},"type":"cond-expr","locations":[{"start":{"line":53,"column":29},"end":{"line":53,"column":56}},{"start":{"line":53,"column":56},"end":{"line":53,"column":74}}],"line":53},"4":{"loc":{"start":{"line":67,"column":2},"end":{"line":67,"column":null}},"type":"if","locations":[{"start":{"line":67,"column":2},"end":{"line":67,"column":null}},{"start":{},"end":{}}],"line":67},"5":{"loc":{"start":{"line":74,"column":43},"end":{"line":74,"column":75}},"type":"binary-expr","locations":[{"start":{"line":74,"column":43},"end":{"line":74,"column":54}},{"start":{"line":74,"column":54},"end":{"line":74,"column":75}}],"line":74},"6":{"loc":{"start":{"line":77,"column":11},"end":{"line":86,"column":11}},"type":"cond-expr","locations":[{"start":{"line":78,"column":12},"end":{"line":82,"column":13}},{"start":{"line":82,"column":12},"end":{"line":86,"column":11}}],"line":77},"7":{"loc":{"start":{"line":96,"column":19},"end":{"line":96,"column":30}},"type":"default-arg","locations":[{"start":{"line":96,"column":26},"end":{"line":96,"column":30}}],"line":96},"8":{"loc":{"start":{"line":96,"column":30},"end":{"line":96,"column":47}},"type":"default-arg","locations":[{"start":{"line":96,"column":38},"end":{"line":96,"column":47}}],"line":96},"9":{"loc":{"start":{"line":97,"column":13},"end":{"line":97,"column":null}},"type":"cond-expr","locations":[{"start":{"line":97,"column":21},"end":{"line":97,"column":48}},{"start":{"line":97,"column":48},"end":{"line":97,"column":null}}],"line":97},"10":{"loc":{"start":{"line":98,"column":13},"end":{"line":98,"column":null}},"type":"cond-expr","locations":[{"start":{"line":98,"column":21},"end":{"line":98,"column":48}},{"start":{"line":98,"column":48},"end":{"line":98,"column":null}}],"line":98},"11":{"loc":{"start":{"line":142,"column":43},"end":{"line":142,"column":120}},"type":"binary-expr","locations":[{"start":{"line":142,"column":43},"end":{"line":142,"column":58}},{"start":{"line":142,"column":58},"end":{"line":142,"column":120}}],"line":142},"12":{"loc":{"start":{"line":144,"column":4},"end":{"line":145,"column":null}},"type":"if","locations":[{"start":{"line":144,"column":4},"end":{"line":145,"column":null}},{"start":{},"end":{}}],"line":144},"13":{"loc":{"start":{"line":144,"column":8},"end":{"line":144,"column":60}},"type":"binary-expr","locations":[{"start":{"line":144,"column":8},"end":{"line":144,"column":23}},{"start":{"line":144,"column":23},"end":{"line":144,"column":60}}],"line":144},"14":{"loc":{"start":{"line":151,"column":34},"end":{"line":151,"column":50}},"type":"binary-expr","locations":[{"start":{"line":151,"column":34},"end":{"line":151,"column":48}},{"start":{"line":151,"column":48},"end":{"line":151,"column":50}}],"line":151},"15":{"loc":{"start":{"line":195,"column":15},"end":{"line":195,"column":null}},"type":"cond-expr","locations":[{"start":{"line":195,"column":33},"end":{"line":195,"column":50}},{"start":{"line":195,"column":50},"end":{"line":195,"column":null}}],"line":195},"16":{"loc":{"start":{"line":195,"column":50},"end":{"line":195,"column":null}},"type":"cond-expr","locations":[{"start":{"line":195,"column":71},"end":{"line":195,"column":88}},{"start":{"line":195,"column":88},"end":{"line":195,"column":null}}],"line":195},"17":{"loc":{"start":{"line":198,"column":16},"end":{"line":198,"column":null}},"type":"cond-expr","locations":[{"start":{"line":198,"column":39},"end":{"line":198,"column":55}},{"start":{"line":198,"column":55},"end":{"line":198,"column":null}}],"line":198},"18":{"loc":{"start":{"line":209,"column":2},"end":{"line":209,"column":null}},"type":"if","locations":[{"start":{"line":209,"column":2},"end":{"line":209,"column":null}},{"start":{},"end":{}}],"line":209},"19":{"loc":{"start":{"line":223,"column":16},"end":{"line":223,"column":null}},"type":"cond-expr","locations":[{"start":{"line":223,"column":37},"end":{"line":223,"column":47}},{"start":{"line":223,"column":47},"end":{"line":223,"column":null}}],"line":223},"20":{"loc":{"start":{"line":224,"column":21},"end":{"line":224,"column":null}},"type":"cond-expr","locations":[{"start":{"line":224,"column":42},"end":{"line":224,"column":56}},{"start":{"line":224,"column":56},"end":{"line":224,"column":null}}],"line":224},"21":{"loc":{"start":{"line":227,"column":24},"end":{"line":227,"column":null}},"type":"cond-expr","locations":[{"start":{"line":227,"column":45},"end":{"line":227,"column":57}},{"start":{"line":227,"column":57},"end":{"line":227,"column":null}}],"line":227},"22":{"loc":{"start":{"line":228,"column":33},"end":{"line":228,"column":null}},"type":"cond-expr","locations":[{"start":{"line":228,"column":54},"end":{"line":228,"column":79}},{"start":{"line":228,"column":79},"end":{"line":228,"column":null}}],"line":228},"23":{"loc":{"start":{"line":229,"column":37},"end":{"line":229,"column":null}},"type":"cond-expr","locations":[{"start":{"line":229,"column":58},"end":{"line":229,"column":70}},{"start":{"line":229,"column":70},"end":{"line":229,"column":null}}],"line":229},"24":{"loc":{"start":{"line":238,"column":13},"end":{"line":244,"column":null}},"type":"cond-expr","locations":[{"start":{"line":239,"column":14},"end":{"line":243,"column":15}},{"start":{"line":243,"column":14},"end":{"line":244,"column":null}}],"line":238},"25":{"loc":{"start":{"line":252,"column":21},"end":{"line":252,"column":null}},"type":"cond-expr","locations":[{"start":{"line":252,"column":42},"end":{"line":252,"column":54}},{"start":{"line":252,"column":54},"end":{"line":252,"column":null}}],"line":252},"26":{"loc":{"start":{"line":254,"column":15},"end":{"line":254,"column":null}},"type":"cond-expr","locations":[{"start":{"line":254,"column":36},"end":{"line":254,"column":46}},{"start":{"line":254,"column":46},"end":{"line":254,"column":null}}],"line":254},"27":{"loc":{"start":{"line":258,"column":21},"end":{"line":258,"column":null}},"type":"cond-expr","locations":[{"start":{"line":258,"column":42},"end":{"line":258,"column":54}},{"start":{"line":258,"column":54},"end":{"line":258,"column":null}}],"line":258},"28":{"loc":{"start":{"line":270,"column":21},"end":{"line":270,"column":null}},"type":"cond-expr","locations":[{"start":{"line":270,"column":42},"end":{"line":270,"column":54}},{"start":{"line":270,"column":54},"end":{"line":270,"column":null}}],"line":270},"29":{"loc":{"start":{"line":296,"column":61},"end":{"line":296,"column":100}},"type":"binary-expr","locations":[{"start":{"line":296,"column":61},"end":{"line":296,"column":89}},{"start":{"line":296,"column":93},"end":{"line":296,"column":100}}],"line":296},"30":{"loc":{"start":{"line":304,"column":4},"end":{"line":309,"column":null}},"type":"if","locations":[{"start":{"line":304,"column":4},"end":{"line":309,"column":null}},{"start":{"line":307,"column":11},"end":{"line":309,"column":null}}],"line":304},"31":{"loc":{"start":{"line":314,"column":36},"end":{"line":314,"column":null}},"type":"binary-expr","locations":[{"start":{"line":314,"column":36},"end":{"line":314,"column":53}},{"start":{"line":314,"column":53},"end":{"line":314,"column":null}}],"line":314},"32":{"loc":{"start":{"line":325,"column":41},"end":{"line":325,"column":60}},"type":"default-arg","locations":[{"start":{"line":325,"column":48},"end":{"line":325,"column":60}}],"line":325},"33":{"loc":{"start":{"line":337,"column":26},"end":{"line":337,"column":109}},"type":"binary-expr","locations":[{"start":{"line":337,"column":26},"end":{"line":337,"column":46}},{"start":{"line":337,"column":46},"end":{"line":337,"column":75}},{"start":{"line":337,"column":75},"end":{"line":337,"column":109}}],"line":337},"34":{"loc":{"start":{"line":343,"column":4},"end":{"line":343,"column":null}},"type":"if","locations":[{"start":{"line":343,"column":4},"end":{"line":343,"column":null}},{"start":{},"end":{}}],"line":343},"35":{"loc":{"start":{"line":369,"column":4},"end":{"line":376,"column":null}},"type":"if","locations":[{"start":{"line":369,"column":4},"end":{"line":376,"column":null}},{"start":{"line":375,"column":11},"end":{"line":376,"column":null}}],"line":369},"36":{"loc":{"start":{"line":374,"column":6},"end":{"line":374,"column":null}},"type":"if","locations":[{"start":{"line":374,"column":6},"end":{"line":374,"column":null}},{"start":{},"end":{}}],"line":374},"37":{"loc":{"start":{"line":411,"column":4},"end":{"line":411,"column":null}},"type":"if","locations":[{"start":{"line":411,"column":4},"end":{"line":411,"column":null}},{"start":{},"end":{}}],"line":411},"38":{"loc":{"start":{"line":427,"column":27},"end":{"line":427,"column":null}},"type":"binary-expr","locations":[{"start":{"line":427,"column":27},"end":{"line":427,"column":49}},{"start":{"line":427,"column":49},"end":{"line":427,"column":76}},{"start":{"line":427,"column":80},"end":{"line":427,"column":null}}],"line":427},"39":{"loc":{"start":{"line":428,"column":27},"end":{"line":430,"column":23}},"type":"cond-expr","locations":[{"start":{"line":429,"column":6},"end":{"line":429,"column":23}},{"start":{"line":430,"column":6},"end":{"line":430,"column":23}}],"line":428},"40":{"loc":{"start":{"line":447,"column":7},"end":{"line":550,"column":null}},"type":"binary-expr","locations":[{"start":{"line":447,"column":7},"end":{"line":447,"column":null}},{"start":{"line":448,"column":8},"end":{"line":550,"column":null}}],"line":447},"41":{"loc":{"start":{"line":454,"column":15},"end":{"line":454,"column":null}},"type":"binary-expr","locations":[{"start":{"line":454,"column":15},"end":{"line":454,"column":29}},{"start":{"line":454,"column":29},"end":{"line":454,"column":null}}],"line":454},"42":{"loc":{"start":{"line":463,"column":25},"end":{"line":463,"column":null}},"type":"cond-expr","locations":[{"start":{"line":463,"column":43},"end":{"line":463,"column":59}},{"start":{"line":463,"column":59},"end":{"line":463,"column":null}}],"line":463},"43":{"loc":{"start":{"line":464,"column":32},"end":{"line":464,"column":null}},"type":"cond-expr","locations":[{"start":{"line":464,"column":50},"end":{"line":464,"column":76}},{"start":{"line":464,"column":76},"end":{"line":464,"column":null}}],"line":464},"44":{"loc":{"start":{"line":466,"column":30},"end":{"line":466,"column":null}},"type":"cond-expr","locations":[{"start":{"line":466,"column":48},"end":{"line":466,"column":57}},{"start":{"line":466,"column":57},"end":{"line":466,"column":null}}],"line":466},"45":{"loc":{"start":{"line":475,"column":25},"end":{"line":475,"column":null}},"type":"cond-expr","locations":[{"start":{"line":475,"column":40},"end":{"line":475,"column":56}},{"start":{"line":475,"column":56},"end":{"line":475,"column":null}}],"line":475},"46":{"loc":{"start":{"line":476,"column":32},"end":{"line":476,"column":null}},"type":"cond-expr","locations":[{"start":{"line":476,"column":47},"end":{"line":476,"column":73}},{"start":{"line":476,"column":73},"end":{"line":476,"column":null}}],"line":476},"47":{"loc":{"start":{"line":478,"column":30},"end":{"line":478,"column":null}},"type":"cond-expr","locations":[{"start":{"line":478,"column":45},"end":{"line":478,"column":54}},{"start":{"line":478,"column":54},"end":{"line":478,"column":null}}],"line":478},"48":{"loc":{"start":{"line":487,"column":25},"end":{"line":487,"column":null}},"type":"cond-expr","locations":[{"start":{"line":487,"column":47},"end":{"line":487,"column":63}},{"start":{"line":487,"column":63},"end":{"line":487,"column":null}}],"line":487},"49":{"loc":{"start":{"line":488,"column":32},"end":{"line":488,"column":null}},"type":"cond-expr","locations":[{"start":{"line":488,"column":54},"end":{"line":488,"column":80}},{"start":{"line":488,"column":80},"end":{"line":488,"column":null}}],"line":488},"50":{"loc":{"start":{"line":490,"column":30},"end":{"line":490,"column":null}},"type":"cond-expr","locations":[{"start":{"line":490,"column":52},"end":{"line":490,"column":61}},{"start":{"line":490,"column":61},"end":{"line":490,"column":null}}],"line":490},"51":{"loc":{"start":{"line":499,"column":25},"end":{"line":499,"column":null}},"type":"cond-expr","locations":[{"start":{"line":499,"column":41},"end":{"line":499,"column":57}},{"start":{"line":499,"column":57},"end":{"line":499,"column":null}}],"line":499},"52":{"loc":{"start":{"line":500,"column":32},"end":{"line":500,"column":null}},"type":"cond-expr","locations":[{"start":{"line":500,"column":48},"end":{"line":500,"column":74}},{"start":{"line":500,"column":74},"end":{"line":500,"column":null}}],"line":500},"53":{"loc":{"start":{"line":502,"column":30},"end":{"line":502,"column":null}},"type":"cond-expr","locations":[{"start":{"line":502,"column":46},"end":{"line":502,"column":55}},{"start":{"line":502,"column":55},"end":{"line":502,"column":null}}],"line":502},"54":{"loc":{"start":{"line":509,"column":11},"end":{"line":550,"column":null}},"type":"binary-expr","locations":[{"start":{"line":509,"column":11},"end":{"line":509,"column":null}},{"start":{"line":510,"column":12},"end":{"line":550,"column":null}}],"line":509},"55":{"loc":{"start":{"line":515,"column":44},"end":{"line":515,"column":76}},"type":"cond-expr","locations":[{"start":{"line":515,"column":59},"end":{"line":515,"column":69}},{"start":{"line":515,"column":69},"end":{"line":515,"column":76}}],"line":515},"56":{"loc":{"start":{"line":517,"column":30},"end":{"line":517,"column":77}},"type":"cond-expr","locations":[{"start":{"line":517,"column":48},"end":{"line":517,"column":63}},{"start":{"line":517,"column":63},"end":{"line":517,"column":77}}],"line":517},"57":{"loc":{"start":{"line":519,"column":17},"end":{"line":519,"column":null}},"type":"cond-expr","locations":[{"start":{"line":519,"column":35},"end":{"line":519,"column":42}},{"start":{"line":519,"column":42},"end":{"line":519,"column":null}}],"line":519},"58":{"loc":{"start":{"line":526,"column":51},"end":{"line":526,"column":88}},"type":"cond-expr","locations":[{"start":{"line":526,"column":76},"end":{"line":526,"column":83}},{"start":{"line":526,"column":83},"end":{"line":526,"column":88}}],"line":526},"59":{"loc":{"start":{"line":533,"column":15},"end":{"line":536,"column":null}},"type":"binary-expr","locations":[{"start":{"line":533,"column":15},"end":{"line":533,"column":null}},{"start":{"line":534,"column":16},"end":{"line":536,"column":null}}],"line":533},"60":{"loc":{"start":{"line":549,"column":17},"end":{"line":549,"column":null}},"type":"cond-expr","locations":[{"start":{"line":549,"column":34},"end":{"line":549,"column":53}},{"start":{"line":549,"column":56},"end":{"line":549,"column":null}}],"line":549},"61":{"loc":{"start":{"line":561,"column":14},"end":{"line":575,"column":null}},"type":"cond-expr","locations":[{"start":{"line":562,"column":16},"end":{"line":564,"column":17}},{"start":{"line":564,"column":16},"end":{"line":575,"column":null}}],"line":561},"62":{"loc":{"start":{"line":603,"column":14},"end":{"line":611,"column":null}},"type":"cond-expr","locations":[{"start":{"line":604,"column":16},"end":{"line":611,"column":17}},{"start":{"line":611,"column":16},"end":{"line":611,"column":null}}],"line":603},"63":{"loc":{"start":{"line":623,"column":56},"end":{"line":623,"column":87}},"type":"cond-expr","locations":[{"start":{"line":623,"column":68},"end":{"line":623,"column":83}},{"start":{"line":623,"column":83},"end":{"line":623,"column":87}}],"line":623},"64":{"loc":{"start":{"line":627,"column":195},"end":{"line":627,"column":226}},"type":"cond-expr","locations":[{"start":{"line":627,"column":207},"end":{"line":627,"column":222}},{"start":{"line":627,"column":222},"end":{"line":627,"column":226}}],"line":627},"65":{"loc":{"start":{"line":628,"column":78},"end":{"line":628,"column":109}},"type":"cond-expr","locations":[{"start":{"line":628,"column":90},"end":{"line":628,"column":105}},{"start":{"line":628,"column":105},"end":{"line":628,"column":109}}],"line":628},"66":{"loc":{"start":{"line":629,"column":82},"end":{"line":629,"column":113}},"type":"cond-expr","locations":[{"start":{"line":629,"column":94},"end":{"line":629,"column":109}},{"start":{"line":629,"column":109},"end":{"line":629,"column":113}}],"line":629},"67":{"loc":{"start":{"line":633,"column":14},"end":{"line":643,"column":null}},"type":"cond-expr","locations":[{"start":{"line":634,"column":16},"end":{"line":643,"column":17}},{"start":{"line":643,"column":16},"end":{"line":643,"column":null}}],"line":633},"68":{"loc":{"start":{"line":633,"column":14},"end":{"line":633,"column":null}},"type":"binary-expr","locations":[{"start":{"line":633,"column":14},"end":{"line":633,"column":27}},{"start":{"line":633,"column":27},"end":{"line":633,"column":null}}],"line":633},"69":{"loc":{"start":{"line":643,"column":30},"end":{"line":643,"column":62}},"type":"cond-expr","locations":[{"start":{"line":643,"column":42},"end":{"line":643,"column":57}},{"start":{"line":643,"column":57},"end":{"line":643,"column":62}}],"line":643},"70":{"loc":{"start":{"line":647,"column":49},"end":{"line":647,"column":81}},"type":"cond-expr","locations":[{"start":{"line":647,"column":61},"end":{"line":647,"column":76}},{"start":{"line":647,"column":76},"end":{"line":647,"column":81}}],"line":647},"71":{"loc":{"start":{"line":650,"column":9},"end":{"line":658,"column":null}},"type":"binary-expr","locations":[{"start":{"line":650,"column":9},"end":{"line":650,"column":23}},{"start":{"line":650,"column":23},"end":{"line":650,"column":null}},{"start":{"line":651,"column":10},"end":{"line":658,"column":null}}],"line":650},"72":{"loc":{"start":{"line":661,"column":7},"end":{"line":681,"column":null}},"type":"binary-expr","locations":[{"start":{"line":661,"column":7},"end":{"line":661,"column":null}},{"start":{"line":662,"column":8},"end":{"line":681,"column":null}}],"line":661},"73":{"loc":{"start":{"line":696,"column":13},"end":{"line":696,"column":52}},"type":"cond-expr","locations":[{"start":{"line":696,"column":25},"end":{"line":696,"column":43}},{"start":{"line":696,"column":43},"end":{"line":696,"column":52}}],"line":696},"74":{"loc":{"start":{"line":696,"column":59},"end":{"line":696,"column":null}},"type":"cond-expr","locations":[{"start":{"line":696,"column":72},"end":{"line":696,"column":93}},{"start":{"line":696,"column":93},"end":{"line":696,"column":null}}],"line":696},"75":{"loc":{"start":{"line":713,"column":40},"end":{"line":713,"column":72}},"type":"cond-expr","locations":[{"start":{"line":713,"column":55},"end":{"line":713,"column":65}},{"start":{"line":713,"column":65},"end":{"line":713,"column":72}}],"line":713},"76":{"loc":{"start":{"line":715,"column":26},"end":{"line":715,"column":73}},"type":"cond-expr","locations":[{"start":{"line":715,"column":44},"end":{"line":715,"column":59}},{"start":{"line":715,"column":59},"end":{"line":715,"column":73}}],"line":715},"77":{"loc":{"start":{"line":717,"column":13},"end":{"line":717,"column":null}},"type":"cond-expr","locations":[{"start":{"line":717,"column":31},"end":{"line":717,"column":38}},{"start":{"line":717,"column":38},"end":{"line":717,"column":null}}],"line":717},"78":{"loc":{"start":{"line":754,"column":15},"end":{"line":757,"column":null}},"type":"binary-expr","locations":[{"start":{"line":754,"column":15},"end":{"line":754,"column":null}},{"start":{"line":755,"column":16},"end":{"line":757,"column":null}}],"line":754},"79":{"loc":{"start":{"line":808,"column":15},"end":{"line":809,"column":null}},"type":"binary-expr","locations":[{"start":{"line":808,"column":15},"end":{"line":808,"column":null}},{"start":{"line":809,"column":16},"end":{"line":809,"column":null}}],"line":808},"80":{"loc":{"start":{"line":815,"column":9},"end":{"line":833,"column":null}},"type":"binary-expr","locations":[{"start":{"line":815,"column":9},"end":{"line":815,"column":null}},{"start":{"line":816,"column":10},"end":{"line":833,"column":null}}],"line":815}},"s":{"0":2,"1":2,"2":2,"3":2,"4":2,"5":2,"6":2,"7":0,"8":2,"9":0,"10":2,"11":0,"12":2,"13":0,"14":2,"15":2,"16":2,"17":2,"18":2,"19":5,"20":0,"21":5,"22":11,"23":11,"24":8,"25":3,"26":24,"27":24,"28":24,"29":2,"30":2,"31":2,"32":2,"33":12,"34":5,"35":12,"36":5,"37":3,"38":2,"39":2,"40":2,"41":2,"42":0,"43":0,"44":0,"45":2,"46":0,"47":2,"48":2,"49":2,"50":2,"51":12,"52":0,"53":0,"54":0,"55":0,"56":0,"57":0,"58":0,"59":0,"60":0,"61":0,"62":0,"63":0,"64":0,"65":11,"66":11,"67":0,"68":0,"69":0,"70":11,"71":11,"72":11,"73":11,"74":11,"75":11,"76":11,"77":11,"78":11,"79":11,"80":5,"81":11,"82":11,"83":11,"84":11,"85":11,"86":5,"87":5,"88":5,"89":5,"90":0,"91":0,"92":11,"93":6,"94":11,"95":11,"96":11,"97":0,"98":0,"99":0,"100":11,"101":0,"102":0,"103":0,"104":0,"105":0,"106":11,"107":0,"108":11,"109":11,"110":11,"111":11,"112":11,"113":11,"114":0,"115":0,"116":0,"117":11,"118":0,"119":0,"120":0,"121":0,"122":0,"123":0,"124":0,"125":0,"126":0,"127":0,"128":0,"129":0,"130":0,"131":11,"132":0,"133":0,"134":0,"135":0,"136":0,"137":0,"138":0,"139":0,"140":0,"141":11,"142":2,"143":2,"144":2,"145":2,"146":1,"147":1,"148":1,"149":1,"150":5,"151":5,"152":5,"153":5,"154":5,"155":11,"156":1,"157":1,"158":1,"159":11,"160":1,"161":0,"162":1,"163":1,"164":1,"165":1,"166":11,"167":0,"168":0,"169":0,"170":11,"171":11,"172":11,"173":0,"174":0,"175":11,"176":0,"177":11,"178":0,"179":0,"180":0,"181":0,"182":0,"183":0,"184":0,"185":0,"186":0,"187":0,"188":0,"189":0,"190":0,"191":0,"192":0,"193":0,"194":0,"195":0,"196":0,"197":0,"198":0,"199":0,"200":0,"201":0,"202":0,"203":0,"204":12,"205":12,"206":12,"207":12,"208":12,"209":0,"210":0,"211":36,"212":36,"213":36,"214":48,"215":2},"f":{"0":0,"1":0,"2":0,"3":0,"4":2,"5":2,"6":5,"7":0,"8":5,"9":11,"10":24,"11":12,"12":5,"13":5,"14":2,"15":2,"16":2,"17":0,"18":0,"19":0,"20":0,"21":0,"22":0,"23":0,"24":11,"25":0,"26":0,"27":11,"28":5,"29":5,"30":6,"31":0,"32":0,"33":0,"34":0,"35":0,"36":0,"37":0,"38":0,"39":0,"40":0,"41":0,"42":0,"43":0,"44":0,"45":5,"46":2,"47":1,"48":5,"49":1,"50":1,"51":0,"52":0,"53":0,"54":0,"55":0,"56":0,"57":0,"58":0,"59":0,"60":0,"61":0,"62":0,"63":0,"64":0,"65":0,"66":0,"67":0,"68":0,"69":0,"70":0,"71":0,"72":0,"73":0,"74":0,"75":0,"76":0,"77":0,"78":0,"79":0,"80":12,"81":0,"82":0,"83":36,"84":36,"85":36,"86":48},"b":{"0":[2,2],"1":[2,0],"2":[0],"3":[0,0],"4":[8,3],"5":[3,0],"6":[2,1],"7":[24],"8":[24],"9":[12,12],"10":[12,12],"11":[5,2],"12":[3,2],"13":[5,3],"14":[0,0],"15":[0,0],"16":[0,0],"17":[0,0],"18":[11,0],"19":[0,0],"20":[0,0],"21":[0,0],"22":[0,0],"23":[0,0],"24":[0,0],"25":[0,0],"26":[0,0],"27":[0,0],"28":[0,0],"29":[5,5],"30":[5,0],"31":[6,0],"32":[0],"33":[11,0,0],"34":[0,0],"35":[0,0],"36":[0,0],"37":[0,1],"38":[11,10,8],"39":[1,10],"40":[11,0],"41":[0,0],"42":[0,0],"43":[0,0],"44":[0,0],"45":[0,0],"46":[0,0],"47":[0,0],"48":[0,0],"49":[0,0],"50":[0,0],"51":[0,0],"52":[0,0],"53":[0,0],"54":[0,0],"55":[0,0],"56":[0,0],"57":[0,0],"58":[0,0],"59":[0,0],"60":[0,0],"61":[0,11],"62":[0,11],"63":[0,0],"64":[0,0],"65":[0,0],"66":[0,0],"67":[0,11],"68":[11,0],"69":[0,11],"70":[0,11],"71":[11,0,0],"72":[11,0],"73":[3,9],"74":[0,12],"75":[0,0],"76":[0,12],"77":[0,12],"78":[12,3],"79":[36,24],"80":[12,3]},"meta":{"lastBranch":81,"lastFunction":87,"lastStatement":216,"seen":{"s:22:26:22:Infinity":0,"s:23:19:23:Infinity":1,"s:24:31:24:Infinity":2,"s:25:6:25:47":3,"s:26:6:26:45":4,"s:27:26:27:Infinity":5,"b:27:26:27:64:27:64:27:Infinity":0,"s:29:6:29:Infinity":6,"f:29:19:29:30":0,"s:29:30:29:Infinity":7,"s:30:6:30:Infinity":8,"f:30:22:30:33":1,"s:30:33:30:Infinity":9,"s:31:6:31:Infinity":10,"f:31:22:31:33":2,"s:31:33:31:Infinity":11,"s:32:6:32:Infinity":12,"f:32:20:32:31":3,"s:32:31:32:Infinity":13,"s:34:25:34:Infinity":14,"f:36:9:36:29":4,"b:37:2:42:Infinity:undefined:undefined:undefined:undefined":1,"s:37:2:42:Infinity":15,"s:38:4:42:Infinity":16,"f:38:60:38:69":5,"s:38:69:42:7":17,"s:44:2:44:Infinity":18,"f:47:9:47:35":6,"s:48:2:48:Infinity":19,"f:51:9:51:18":7,"b:51:29:51:38":2,"s:52:2:55:Infinity":20,"b:53:29:53:56:53:56:53:74":3,"f:60:9:60:32":8,"s:61:2:61:Infinity":21,"f:64:9:64:26":9,"s:65:10:65:32":22,"b:67:2:67:Infinity:undefined:undefined:undefined:undefined":4,"s:67:2:67:Infinity":23,"s:67:16:67:Infinity":24,"s:69:2:91:Infinity":25,"b:74:43:74:54:74:54:74:75":5,"b:78:12:82:13:82:12:86:11":6,"f:96:9:96:17":10,"b:96:26:96:30":7,"b:96:38:96:47":8,"s:97:13:97:Infinity":26,"b:97:21:97:48:97:48:97:Infinity":9,"s:98:13:98:Infinity":27,"b:98:21:98:48:98:48:98:Infinity":10,"s:99:2:106:Infinity":28,"s:112:17:128:Infinity":29,"s:130:14:135:Infinity":30,"s:138:18:138:Infinity":31,"s:139:20:139:Infinity":32,"f:141:9:141:24":11,"s:142:16:142:120":33,"f:142:28:142:43":12,"s:142:43:142:120":34,"b:142:43:142:58:142:58:142:120":11,"s:143:2:164:Infinity":35,"f:143:2:143:18":13,"b:144:4:145:Infinity:undefined:undefined:undefined:undefined":12,"s:144:4:145:Infinity":36,"b:144:8:144:23:144:23:144:60":13,"s:145:6:145:Infinity":37,"s:147:4:163:Infinity":38,"f:148:7:148:13":14,"s:148:60:148:137":39,"f:148:87:148:93":15,"s:148:108:148:137":40,"f:149:7:149:13":16,"s:150:31:152:21":41,"f:150:41:150:49":17,"s:151:10:151:Infinity":42,"s:151:16:151:60":43,"b:151:34:151:48:151:48:151:50":14,"s:151:62:151:Infinity":44,"s:153:27:153:Infinity":45,"f:153:37:153:44":18,"s:153:49:153:75":46,"s:154:21:158:Infinity":47,"s:159:8:159:Infinity":48,"s:160:8:160:Infinity":49,"s:161:8:161:Infinity":50,"f:163:7:163:19":19,"s:165:2:165:Infinity":51,"f:169:9:169:19":20,"s:170:17:170:46":52,"f:172:17:172:25":21,"s:173:4:173:Infinity":53,"s:174:4:181:Infinity":54,"s:175:36:175:61":55,"s:176:6:176:Infinity":56,"s:177:6:177:Infinity":57,"s:178:6:178:Infinity":58,"f:178:6:178:23":22,"s:178:23:178:40":59,"s:180:6:180:Infinity":60,"s:181:6:181:Infinity":61,"f:181:6:181:23":23,"s:181:23:181:40":62,"s:185:17:185:Infinity":63,"s:187:2:203:Infinity":64,"b:195:33:195:50:195:50:195:Infinity":15,"b:195:71:195:88:195:88:195:Infinity":16,"b:198:39:198:55:198:55:198:Infinity":17,"f:208:9:208:24":24,"b:209:2:209:Infinity:undefined:undefined:undefined:undefined":18,"s:209:2:209:Infinity":65,"s:209:22:209:Infinity":66,"s:210:2:281:Infinity":67,"f:220:14:220:18":25,"s:221:8:279:Infinity":68,"b:223:37:223:47:223:47:223:Infinity":19,"b:224:42:224:56:224:56:224:Infinity":20,"b:227:45:227:57:227:57:227:Infinity":21,"b:228:54:228:79:228:79:228:Infinity":22,"b:229:58:229:70:229:70:229:Infinity":23,"b:239:14:243:15:243:14:244:Infinity":24,"b:252:42:252:54:252:54:252:Infinity":25,"b:254:36:254:46:254:46:254:Infinity":26,"b:258:42:258:54:258:54:258:Infinity":27,"f:266:12:266:27":26,"s:266:27:266:41":69,"b:270:42:270:54:270:54:270:Infinity":28,"f:286:24:286:30":27,"s:287:13:287:38":70,"s:288:8:288:32":71,"s:289:8:289:32":72,"s:290:25:290:57":73,"s:291:25:291:60":74,"s:292:25:292:61":75,"s:293:25:293:79":76,"s:294:25:294:61":77,"s:295:25:295:60":78,"s:296:25:296:100":79,"f:296:46:296:61":28,"s:296:61:296:100":80,"b:296:61:296:89:296:93:296:100":29,"s:297:25:297:61":81,"s:298:29:298:68":82,"s:299:34:299:79":83,"s:300:27:300:80":84,"s:302:2:311:Infinity":85,"f:302:2:302:18":29,"s:303:18:303:Infinity":86,"b:304:4:309:Infinity:307:11:309:Infinity":30,"s:304:4:309:Infinity":87,"s:305:6:305:Infinity":88,"s:306:6:306:Infinity":89,"s:308:6:308:Infinity":90,"s:309:6:309:Infinity":91,"s:313:2:315:Infinity":92,"f:313:2:313:18":30,"s:314:4:314:Infinity":93,"b:314:36:314:53:314:53:314:Infinity":31,"s:318:17:318:42":94,"s:319:8:319:30":95,"s:321:8:323:8":96,"f:321:22:321:35":31,"s:322:4:322:Infinity":97,"f:322:4:322:14":32,"s:322:22:322:51":98,"f:322:27:322:34":33,"s:322:39:322:51":99,"s:325:8:329:19":100,"f:325:23:325:36":34,"b:325:48:325:60":32,"s:326:15:326:Infinity":101,"s:327:4:327:Infinity":102,"f:327:4:327:14":35,"s:327:22:327:50":103,"s:328:4:328:Infinity":104,"f:328:4:328:21":36,"s:328:21:328:36":105,"s:331:8:333:20":106,"f:331:23:331:36":37,"s:332:4:332:Infinity":107,"s:335:18:335:Infinity":108,"s:336:19:336:Infinity":109,"s:337:26:337:109":110,"b:337:26:337:46:337:46:337:75:337:75:337:109":33,"s:338:23:338:Infinity":111,"s:339:30:339:Infinity":112,"s:340:24:340:Infinity":113,"f:342:11:342:24":38,"b:343:4:343:Infinity:undefined:undefined:undefined:undefined":34,"s:343:4:343:Infinity":114,"s:343:14:343:Infinity":115,"s:344:4:344:Infinity":116,"s:347:8:353:16":117,"f:347:27:347:45":39,"s:348:4:348:Infinity":118,"s:349:4:349:Infinity":119,"s:350:4:350:Infinity":120,"s:351:4:351:Infinity":121,"s:352:4:352:Infinity":122,"f:355:17:355:38":40,"s:356:4:356:Infinity":123,"s:357:4:365:Infinity":124,"s:358:6:361:Infinity":125,"f:360:12:360:21":41,"s:360:35:360:87":126,"f:360:35:360:52":42,"s:360:52:360:80":127,"s:363:6:363:Infinity":128,"s:365:14:365:34":129,"s:365:34:365:Infinity":130,"s:368:8:378:34":131,"f:368:27:368:40":43,"b:369:4:376:Infinity:375:11:376:Infinity":35,"s:369:4:376:Infinity":132,"s:370:6:370:Infinity":133,"s:371:6:371:Infinity":134,"s:372:6:372:Infinity":135,"s:373:6:373:Infinity":136,"b:374:6:374:Infinity:undefined:undefined:undefined:undefined":36,"s:374:6:374:Infinity":137,"s:374:28:374:Infinity":138,"f:374:28:374:45":44,"s:374:45:374:64":139,"s:376:6:376:Infinity":140,"s:380:2:402:Infinity":141,"f:380:2:380:18":45,"f:381:13:381:35":46,"s:382:6:382:Infinity":142,"s:383:6:383:Infinity":143,"s:384:6:384:Infinity":144,"s:385:6:385:Infinity":145,"f:388:13:388:30":47,"s:389:6:389:Infinity":146,"s:390:6:390:Infinity":147,"s:391:6:391:Infinity":148,"s:392:6:392:Infinity":149,"s:395:4:395:Infinity":150,"s:396:4:396:Infinity":151,"s:398:4:400:Infinity":152,"f:398:4:398:17":48,"s:399:6:399:Infinity":153,"s:400:6:400:Infinity":154,"s:404:8:408:8":155,"f:404:26:404:44":49,"s:405:4:405:Infinity":156,"s:406:4:406:Infinity":157,"s:407:4:407:Infinity":158,"s:410:8:419:26":159,"f:410:34:410:46":50,"b:411:4:411:Infinity:undefined:undefined:undefined:undefined":37,"s:411:4:411:Infinity":160,"s:411:29:411:Infinity":161,"s:412:4:412:Infinity":162,"s:413:4:415:Infinity":163,"s:414:6:414:Infinity":164,"s:418:4:418:Infinity":165,"s:421:8:425:8":166,"f:421:32:421:50":51,"s:422:4:422:Infinity":167,"s:423:4:423:Infinity":168,"s:424:4:424:Infinity":169,"s:427:27:427:Infinity":170,"b:427:27:427:49:427:49:427:76:427:80:427:Infinity":38,"s:428:27:430:23":171,"b:429:6:429:23:430:6:430:23":39,"s:432:8:432:77":172,"f:432:25:432:43":52,"s:432:45:432:74":173,"f:432:45:432:58":53,"s:432:63:432:69":174,"s:433:8:433:78":175,"f:433:25:433:43":54,"s:433:43:433:65":176,"s:435:2:683:Infinity":177,"f:438:44:438:62":55,"s:438:62:438:85":178,"b:447:7:447:Infinity:448:8:550:Infinity":40,"b:454:15:454:29:454:29:454:Infinity":41,"f:460:16:460:31":56,"s:460:31:460:53":179,"b:463:43:463:59:463:59:463:Infinity":42,"b:464:50:464:76:464:76:464:Infinity":43,"b:466:48:466:57:466:57:466:Infinity":44,"f:472:16:472:31":57,"s:472:31:472:50":180,"b:475:40:475:56:475:56:475:Infinity":45,"b:476:47:476:73:476:73:476:Infinity":46,"b:478:45:478:54:478:54:478:Infinity":47,"f:484:16:484:31":58,"s:484:31:484:57":181,"b:487:47:487:63:487:63:487:Infinity":48,"b:488:54:488:80:488:80:488:Infinity":49,"b:490:52:490:61:490:61:490:Infinity":50,"f:496:16:496:31":59,"s:496:31:496:51":182,"b:499:41:499:57:499:57:499:Infinity":51,"b:500:48:500:74:500:74:500:Infinity":52,"b:502:46:502:55:502:55:502:Infinity":53,"b:509:11:509:Infinity:510:12:550:Infinity":54,"f:515:16:515:31":60,"s:515:31:515:76":183,"f:515:31:515:39":61,"s:515:44:515:76":184,"b:515:59:515:69:515:69:515:76":55,"b:517:48:517:63:517:63:517:77":56,"b:519:35:519:42:519:42:519:Infinity":57,"f:526:16:526:31":62,"s:526:31:526:88":185,"b:526:76:526:83:526:83:526:88":58,"b:533:15:533:Infinity:534:16:536:Infinity":59,"f:534:67:534:82":63,"s:534:82:534:100":186,"b:549:34:549:53:549:56:549:Infinity":60,"b:562:16:564:17:564:16:575:Infinity":61,"f:567:18:567:41":64,"s:567:41:567:67":187,"f:568:18:568:37":65,"s:568:37:568:59":188,"f:569:18:569:36":66,"s:569:36:569:57":189,"f:570:18:570:38":67,"s:570:38:570:61":190,"f:583:16:583:31":68,"s:583:31:583:50":191,"f:596:16:596:26":69,"s:596:34:596:Infinity":192,"b:604:16:611:17:611:16:611:Infinity":62,"f:606:18:606:34":70,"s:606:47:606:84":193,"f:623:31:623:47":71,"s:623:47:623:87":194,"b:623:68:623:83:623:83:623:87":63,"f:627:171:627:186":72,"s:627:186:627:226":195,"b:627:207:627:222:627:222:627:226":64,"f:628:53:628:69":73,"s:628:69:628:109":196,"b:628:90:628:105:628:105:628:109":65,"f:629:57:629:73":74,"s:629:73:629:113":197,"b:629:94:629:109:629:109:629:113":66,"b:634:16:643:17:643:16:643:Infinity":67,"b:633:14:633:27:633:27:633:Infinity":68,"b:643:42:643:57:643:57:643:62":69,"b:647:61:647:76:647:76:647:81":70,"b:650:9:650:23:650:23:650:Infinity:651:10:658:Infinity":71,"f:654:14:654:30":75,"s:654:30:654:50":198,"f:655:14:655:30":76,"s:655:32:655:54":199,"s:655:54:655:Infinity":200,"b:661:7:661:Infinity:662:8:681:Infinity":72,"f:664:34:664:49":77,"s:664:49:664:71":201,"f:669:34:669:49":78,"s:669:49:669:70":202,"f:674:34:674:49":79,"s:674:49:674:72":203,"f:688:9:688:17":80,"s:689:10:689:32":204,"s:690:20:690:34":205,"s:691:34:691:63":206,"s:693:21:697:Infinity":207,"b:696:25:696:43:696:43:696:52":73,"b:696:72:696:93:696:93:696:Infinity":74,"s:699:2:922:Infinity":208,"f:713:12:713:27":81,"s:713:27:713:72":209,"f:713:27:713:35":82,"s:713:40:713:72":210,"b:713:55:713:65:713:65:713:72":75,"b:715:44:715:59:715:59:715:73":76,"b:717:31:717:38:717:38:717:Infinity":77,"b:754:15:754:Infinity:755:16:757:Infinity":78,"f:779:14:779:18":83,"s:780:14:789:Infinity":211,"f:802:22:802:27":84,"s:803:12:811:Infinity":212,"b:808:15:808:Infinity:809:16:809:Infinity":79,"b:815:9:815:Infinity:816:10:833:Infinity":80,"f:860:22:860:26":85,"s:861:14:864:Infinity":213,"f:879:19:879:23":86,"s:880:14:886:Infinity":214,"s:930:11:1060:Infinity":215}}}
,"/workspaces/Bimex/bimex-frontend/src/index.css": {"path":"/workspaces/Bimex/bimex-frontend/src/index.css","statementMap":{},"fnMap":{},"branchMap":{},"s":{},"f":{},"b":{},"meta":{"lastBranch":0,"lastFunction":0,"lastStatement":0,"seen":{}}}
,"/workspaces/Bimex/bimex-frontend/src/components/CasosDeExito.jsx": {"path":"/workspaces/Bimex/bimex-frontend/src/components/CasosDeExito.jsx","statementMap":{"0":{"start":{"line":6,"column":16},"end":{"line":6,"column":null}},"1":{"start":{"line":7,"column":20},"end":{"line":7,"column":61}},"2":{"start":{"line":8,"column":24},"end":{"line":8,"column":70}},"3":{"start":{"line":9,"column":17},"end":{"line":11,"column":null}},"4":{"start":{"line":14,"column":15},"end":{"line":14,"column":null}},"5":{"start":{"line":15,"column":2},"end":{"line":15,"column":null}},"6":{"start":{"line":19,"column":2},"end":{"line":31,"column":null}},"7":{"start":{"line":38,"column":10},"end":{"line":38,"column":32}},"8":{"start":{"line":39,"column":8},"end":{"line":39,"column":32}},"9":{"start":{"line":40,"column":22},"end":{"line":40,"column":52}},"10":{"start":{"line":41,"column":19},"end":{"line":41,"column":48}},"11":{"start":{"line":42,"column":16},"end":{"line":42,"column":42}},"12":{"start":{"line":43,"column":23},"end":{"line":43,"column":54}},"13":{"start":{"line":45,"column":2},"end":{"line":82,"column":null}},"14":{"start":{"line":46,"column":17},"end":{"line":46,"column":null}},"15":{"start":{"line":48,"column":6},"end":{"line":48,"column":null}},"16":{"start":{"line":49,"column":6},"end":{"line":49,"column":null}},"17":{"start":{"line":50,"column":6},"end":{"line":77,"column":null}},"18":{"start":{"line":51,"column":20},"end":{"line":51,"column":53}},"19":{"start":{"line":52,"column":8},"end":{"line":52,"column":null}},"20":{"start":{"line":52,"column":21},"end":{"line":52,"column":null}},"21":{"start":{"line":53,"column":21},"end":{"line":53,"column":37}},"22":{"start":{"line":54,"column":8},"end":{"line":54,"column":null}},"23":{"start":{"line":54,"column":20},"end":{"line":54,"column":null}},"24":{"start":{"line":55,"column":8},"end":{"line":55,"column":null}},"25":{"start":{"line":57,"column":8},"end":{"line":71,"column":null}},"26":{"start":{"line":58,"column":22},"end":{"line":58,"column":41}},"27":{"start":{"line":58,"column":36},"end":{"line":58,"column":41}},"28":{"start":{"line":59,"column":38},"end":{"line":63,"column":55}},"29":{"start":{"line":64,"column":10},"end":{"line":64,"column":null}},"30":{"start":{"line":64,"column":22},"end":{"line":64,"column":null}},"31":{"start":{"line":65,"column":10},"end":{"line":71,"column":null}},"32":{"start":{"line":66,"column":24},"end":{"line":66,"column":26}},"33":{"start":{"line":67,"column":12},"end":{"line":69,"column":null}},"34":{"start":{"line":68,"column":14},"end":{"line":68,"column":null}},"35":{"start":{"line":68,"column":39},"end":{"line":68,"column":null}},"36":{"start":{"line":69,"column":14},"end":{"line":69,"column":null}},"37":{"start":{"line":71,"column":12},"end":{"line":71,"column":null}},"38":{"start":{"line":75,"column":8},"end":{"line":75,"column":null}},"39":{"start":{"line":75,"column":21},"end":{"line":75,"column":null}},"40":{"start":{"line":77,"column":8},"end":{"line":77,"column":null}},"41":{"start":{"line":77,"column":21},"end":{"line":77,"column":null}},"42":{"start":{"line":80,"column":4},"end":{"line":80,"column":null}},"43":{"start":{"line":81,"column":4},"end":{"line":81,"column":null}},"44":{"start":{"line":81,"column":19},"end":{"line":81,"column":null}},"45":{"start":{"line":84,"column":2},"end":{"line":125,"column":null}},"46":{"start":{"line":88,"column":51},"end":{"line":88,"column":null}},"47":{"start":{"line":112,"column":26},"end":{"line":112,"column":50}},"48":{"start":{"line":113,"column":12},"end":{"line":120,"column":null}},"49":{"start":{"line":118,"column":30},"end":{"line":118,"column":60}},"50":{"start":{"line":130,"column":14},"end":{"line":130,"column":null}},"51":{"start":{"line":131,"column":23},"end":{"line":131,"column":null}},"52":{"start":{"line":133,"column":2},"end":{"line":217,"column":null}},"53":{"start":{"line":140,"column":26},"end":{"line":140,"column":null}},"54":{"start":{"line":140,"column":66},"end":{"line":140,"column":null}},"55":{"start":{"line":214,"column":28},"end":{"line":214,"column":49}},"56":{"start":{"line":214,"column":49},"end":{"line":214,"column":null}},"57":{"start":{"line":223,"column":16},"end":{"line":340,"column":null}}},"fnMap":{"0":{"name":"fmtMXNe","decl":{"start":{"line":13,"column":9},"end":{"line":13,"column":17}},"loc":{"start":{"line":13,"column":26},"end":{"line":15,"column":null}},"line":13},"1":{"name":"SkeletonCard","decl":{"start":{"line":18,"column":9},"end":{"line":18,"column":24}},"loc":{"start":{"line":18,"column":24},"end":{"line":31,"column":null}},"line":18},"2":{"name":"CasosDeExito","decl":{"start":{"line":37,"column":24},"end":{"line":37,"column":39}},"loc":{"start":{"line":37,"column":39},"end":{"line":125,"column":null}},"line":37},"3":{"name":"(anonymous_3)","decl":{"start":{"line":45,"column":2},"end":{"line":45,"column":18}},"loc":{"start":{"line":45,"column":18},"end":{"line":82,"column":6}},"line":45},"4":{"name":"cargar","decl":{"start":{"line":47,"column":19},"end":{"line":47,"column":28}},"loc":{"start":{"line":47,"column":28},"end":{"line":77,"column":null}},"line":47},"5":{"name":"(anonymous_5)","decl":{"start":{"line":58,"column":27},"end":{"line":58,"column":31}},"loc":{"start":{"line":58,"column":36},"end":{"line":58,"column":41}},"line":58},"6":{"name":"(anonymous_6)","decl":{"start":{"line":81,"column":4},"end":{"line":81,"column":17}},"loc":{"start":{"line":81,"column":17},"end":{"line":81,"column":null}},"line":81},"7":{"name":"(anonymous_7)","decl":{"start":{"line":88,"column":37},"end":{"line":88,"column":42}},"loc":{"start":{"line":88,"column":51},"end":{"line":88,"column":null}},"line":88},"8":{"name":"(anonymous_8)","decl":{"start":{"line":111,"column":23},"end":{"line":111,"column":28}},"loc":{"start":{"line":111,"column":34},"end":{"line":120,"column":null}},"line":111},"9":{"name":"(anonymous_9)","decl":{"start":{"line":118,"column":16},"end":{"line":118,"column":30}},"loc":{"start":{"line":118,"column":30},"end":{"line":118,"column":60}},"line":118},"10":{"name":"ImpactCard","decl":{"start":{"line":129,"column":9},"end":{"line":129,"column":20}},"loc":{"start":{"line":129,"column":61},"end":{"line":217,"column":null}},"line":129},"11":{"name":"(anonymous_11)","decl":{"start":{"line":140,"column":6},"end":{"line":140,"column":18}},"loc":{"start":{"line":140,"column":24},"end":{"line":140,"column":null}},"line":140},"12":{"name":"(anonymous_12)","decl":{"start":{"line":214,"column":10},"end":{"line":214,"column":20}},"loc":{"start":{"line":214,"column":26},"end":{"line":214,"column":null}},"line":214}},"branchMap":{"0":{"loc":{"start":{"line":6,"column":16},"end":{"line":6,"column":null}},"type":"binary-expr","locations":[{"start":{"line":6,"column":16},"end":{"line":6,"column":48}},{"start":{"line":6,"column":48},"end":{"line":6,"column":null}}],"line":6},"1":{"loc":{"start":{"line":9,"column":17},"end":{"line":11,"column":null}},"type":"cond-expr","locations":[{"start":{"line":9,"column":123},"end":{"line":10,"column":45}},{"start":{"line":11,"column":4},"end":{"line":11,"column":null}}],"line":9},"2":{"loc":{"start":{"line":9,"column":17},"end":{"line":9,"column":null}},"type":"binary-expr","locations":[{"start":{"line":9,"column":17},"end":{"line":9,"column":32}},{"start":{"line":9,"column":32},"end":{"line":9,"column":51}},{"start":{"line":9,"column":51},"end":{"line":9,"column":99}},{"start":{"line":9,"column":103},"end":{"line":9,"column":null}}],"line":9},"3":{"loc":{"start":{"line":52,"column":8},"end":{"line":52,"column":null}},"type":"if","locations":[{"start":{"line":52,"column":8},"end":{"line":52,"column":null}},{"start":{},"end":{}}],"line":52},"4":{"loc":{"start":{"line":54,"column":8},"end":{"line":54,"column":null}},"type":"if","locations":[{"start":{"line":54,"column":8},"end":{"line":54,"column":null}},{"start":{},"end":{}}],"line":54},"5":{"loc":{"start":{"line":57,"column":8},"end":{"line":71,"column":null}},"type":"if","locations":[{"start":{"line":57,"column":8},"end":{"line":71,"column":null}},{"start":{},"end":{}}],"line":57},"6":{"loc":{"start":{"line":57,"column":12},"end":{"line":57,"column":41}},"type":"binary-expr","locations":[{"start":{"line":57,"column":12},"end":{"line":57,"column":24}},{"start":{"line":57,"column":24},"end":{"line":57,"column":41}}],"line":57},"7":{"loc":{"start":{"line":64,"column":10},"end":{"line":64,"column":null}},"type":"if","locations":[{"start":{"line":64,"column":10},"end":{"line":64,"column":null}},{"start":{},"end":{}}],"line":64},"8":{"loc":{"start":{"line":65,"column":10},"end":{"line":71,"column":null}},"type":"if","locations":[{"start":{"line":65,"column":10},"end":{"line":71,"column":null}},{"start":{},"end":{}}],"line":65},"9":{"loc":{"start":{"line":68,"column":14},"end":{"line":68,"column":null}},"type":"if","locations":[{"start":{"line":68,"column":14},"end":{"line":68,"column":null}},{"start":{},"end":{}}],"line":68},"10":{"loc":{"start":{"line":75,"column":8},"end":{"line":75,"column":null}},"type":"if","locations":[{"start":{"line":75,"column":8},"end":{"line":75,"column":null}},{"start":{},"end":{}}],"line":75},"11":{"loc":{"start":{"line":75,"column":30},"end":{"line":75,"column":65}},"type":"binary-expr","locations":[{"start":{"line":75,"column":30},"end":{"line":75,"column":43}},{"start":{"line":75,"column":43},"end":{"line":75,"column":65}}],"line":75},"12":{"loc":{"start":{"line":77,"column":8},"end":{"line":77,"column":null}},"type":"if","locations":[{"start":{"line":77,"column":8},"end":{"line":77,"column":null}},{"start":{},"end":{}}],"line":77},"13":{"loc":{"start":{"line":86,"column":7},"end":{"line":123,"column":null}},"type":"cond-expr","locations":[{"start":{"line":87,"column":8},"end":{"line":90,"column":null}},{"start":{"line":90,"column":10},"end":{"line":123,"column":null}}],"line":86},"14":{"loc":{"start":{"line":90,"column":10},"end":{"line":123,"column":null}},"type":"cond-expr","locations":[{"start":{"line":91,"column":8},"end":{"line":94,"column":22}},{"start":{"line":94,"column":10},"end":{"line":123,"column":null}}],"line":90},"15":{"loc":{"start":{"line":94,"column":10},"end":{"line":123,"column":null}},"type":"cond-expr","locations":[{"start":{"line":95,"column":8},"end":{"line":110,"column":9}},{"start":{"line":110,"column":8},"end":{"line":123,"column":null}}],"line":94},"16":{"loc":{"start":{"line":112,"column":26},"end":{"line":112,"column":50}},"type":"binary-expr","locations":[{"start":{"line":112,"column":26},"end":{"line":112,"column":48}},{"start":{"line":112,"column":48},"end":{"line":112,"column":50}}],"line":112},"17":{"loc":{"start":{"line":130,"column":14},"end":{"line":130,"column":null}},"type":"binary-expr","locations":[{"start":{"line":130,"column":14},"end":{"line":130,"column":46}},{"start":{"line":130,"column":46},"end":{"line":130,"column":null}}],"line":130},"18":{"loc":{"start":{"line":140,"column":26},"end":{"line":140,"column":null}},"type":"if","locations":[{"start":{"line":140,"column":26},"end":{"line":140,"column":null}},{"start":{},"end":{}}],"line":140},"19":{"loc":{"start":{"line":140,"column":30},"end":{"line":140,"column":66}},"type":"binary-expr","locations":[{"start":{"line":140,"column":30},"end":{"line":140,"column":51}},{"start":{"line":140,"column":51},"end":{"line":140,"column":66}}],"line":140},"20":{"loc":{"start":{"line":152,"column":13},"end":{"line":154,"column":null}},"type":"binary-expr","locations":[{"start":{"line":152,"column":13},"end":{"line":152,"column":null}},{"start":{"line":153,"column":14},"end":{"line":154,"column":null}}],"line":152},"21":{"loc":{"start":{"line":154,"column":34},"end":{"line":154,"column":null}},"type":"cond-expr","locations":[{"start":{"line":154,"column":57},"end":{"line":154,"column":71}},{"start":{"line":154,"column":71},"end":{"line":154,"column":null}}],"line":154},"22":{"loc":{"start":{"line":170,"column":116},"end":{"line":170,"column":163}},"type":"cond-expr","locations":[{"start":{"line":170,"column":152},"end":{"line":170,"column":159}},{"start":{"line":170,"column":159},"end":{"line":170,"column":163}}],"line":170},"23":{"loc":{"start":{"line":181,"column":19},"end":{"line":181,"column":null}},"type":"cond-expr","locations":[{"start":{"line":181,"column":34},"end":{"line":181,"column":51}},{"start":{"line":181,"column":51},"end":{"line":181,"column":null}}],"line":181},"24":{"loc":{"start":{"line":184,"column":13},"end":{"line":184,"column":null}},"type":"cond-expr","locations":[{"start":{"line":184,"column":28},"end":{"line":184,"column":60}},{"start":{"line":184,"column":63},"end":{"line":184,"column":null}}],"line":184},"25":{"loc":{"start":{"line":195,"column":49},"end":{"line":195,"column":96}},"type":"cond-expr","locations":[{"start":{"line":195,"column":64},"end":{"line":195,"column":81}},{"start":{"line":195,"column":81},"end":{"line":195,"column":96}}],"line":195},"26":{"loc":{"start":{"line":202,"column":24},"end":{"line":202,"column":null}},"type":"cond-expr","locations":[{"start":{"line":202,"column":39},"end":{"line":202,"column":56}},{"start":{"line":202,"column":56},"end":{"line":202,"column":null}}],"line":202},"27":{"loc":{"start":{"line":209,"column":51},"end":{"line":209,"column":107}},"type":"binary-expr","locations":[{"start":{"line":209,"column":51},"end":{"line":209,"column":101}},{"start":{"line":209,"column":101},"end":{"line":209,"column":107}}],"line":209},"28":{"loc":{"start":{"line":209,"column":107},"end":{"line":209,"column":154}},"type":"binary-expr","locations":[{"start":{"line":209,"column":107},"end":{"line":209,"column":150}},{"start":{"line":209,"column":150},"end":{"line":209,"column":154}}],"line":209}},"s":{"0":2,"1":2,"2":2,"3":2,"4":0,"5":0,"6":0,"7":0,"8":0,"9":0
[...]
":{"start":{"line":6,"column":16},"end":{"line":6,"column":31}},"loc":{"start":{"line":6,"column":40},"end":{"line":14,"column":null}},"line":6},"1":{"name":"subirAIPFS","decl":{"start":{"line":19,"column":22},"end":{"line":19,"column":33}},"loc":{"start":{"line":19,"column":42},"end":{"line":34,"column":null}},"line":19},"2":{"name":"sha256Archivo","decl":{"start":{"line":37,"column":22},"end":{"line":37,"column":36}},"loc":{"start":{"line":37,"column":45},"end":{"line":40,"column":null}},"line":37},"3":{"name":"(anonymous_3)","decl":{"start":{"line":40,"column":44},"end":{"line":40,"column":48}},"loc":{"start":{"line":40,"column":53},"end":{"line":40,"column":84}},"line":40},"4":{"name":"subirConFallback","decl":{"start":{"line":43,"column":22},"end":{"line":43,"column":39}},"loc":{"start":{"line":43,"column":48},"end":{"line":49,"column":null}},"line":43}},"branchMap":{"0":{"loc":{"start":{"line":7,"column":2},"end":{"line":7,"column":null}},"type":"if","locations":[{"start":{"line":7,"column":2},"end":{"line":7,"column":null}},{"start":{},"end":{}}],"line":7},"1":{"loc":{"start":{"line":8,"column":2},"end":{"line":9,"column":null}},"type":"if","locations":[{"start":{"line":8,"column":2},"end":{"line":9,"column":null}},{"start":{},"end":{}}],"line":8},"2":{"loc":{"start":{"line":11,"column":2},"end":{"line":12,"column":null}},"type":"if","locations":[{"start":{"line":11,"column":2},"end":{"line":12,"column":null}},{"start":{},"end":{}}],"line":11},"3":{"loc":{"start":{"line":22,"column":2},"end":{"line":22,"column":null}},"type":"if","locations":[{"start":{"line":22,"column":2},"end":{"line":22,"column":null}},{"start":{},"end":{}}],"line":22},"4":{"loc":{"start":{"line":22,"column":6},"end":{"line":22,"column":29}},"type":"binary-expr","locations":[{"start":{"line":22,"column":6},"end":{"line":22,"column":17}},{"start":{"line":22,"column":17},"end":{"line":22,"column":29}}],"line":22},"5":{"loc":{"start":{"line":32,"column":2},"end":{"line":32,"column":null}},"type":"if","locations":[{"start":{"line":32,"column":2},"end":{"line":32,"column":null}},{"start":{},"end":{}}],"line":32}},"s":{"0":3,"1":3,"2":3,"3":3,"4":5,"5":1,"6":4,"7":1,"8":3,"9":1,"10":2,"11":3,"12":0,"13":0,"14":0,"15":0,"16":0,"17":0,"18":0,"19":0,"20":0,"21":0,"22":0,"23":0,"24":0,"25":0,"26":0,"27":0,"28":0,"29":0,"30":0,"31":0},"f":{"0":5,"1":0,"2":0,"3":0,"4":0},"b":{"0":[1,4],"1":[1,3],"2":[1,2],"3":[0,0],"4":[0,0],"5":[0,0]},"meta":{"lastBranch":6,"lastFunction":5,"lastStatement":32,"seen":{"s:1:32:1:Infinity":0,"s:2:38:2:Infinity":1,"s:3:29:3:Infinity":2,"s:4:32:4:Infinity":3,"f:6:16:6:31":0,"b:7:2:7:Infinity:undefined:undefined:undefined:undefined":0,"s:7:2:7:Infinity":4,"s:7:16:7:Infinity":5,"b:8:2:9:Infinity:undefined:undefined:undefined:undefined":1,"s:8:2:9:Infinity":6,"s:9:4:9:Infinity":7,"b:11:2:12:Infinity:undefined:undefined:undefined:undefined":2,"s:11:2:12:Infinity":8,"s:12:4:12:Infinity":9,"s:14:2:14:Infinity":10,"s:17:19:17:Infinity":11,"f:19:22:19:33":1,"s:20:20:20:Infinity":12,"s:21:20:21:Infinity":13,"b:22:2:22:Infinity:undefined:undefined:undefined:undefined":3,"s:22:2:22:Infinity":14,"b:22:6:22:17:22:17:22:29":4,"s:22:29:22:Infinity":15,"s:24:19:24:33":16,"s:25:2:25:Infinity":17,"s:27:14:31:4":18,"b:32:2:32:Infinity:undefined:undefined:undefined:undefined":5,"s:32:2:32:Infinity":19,"s:32:15:32:Infinity":20,"s:33:15:33:31":21,"s:34:2:34:Infinity":22,"f:37:22:37:36":2,"s:38:17:38:44":23,"s:39:17:39:62":24,"s:40:2:40:Infinity":25,"f:40:44:40:48":3,"s:40:53:40:84":26,"f:43:22:43:39":4,"s:44:2:49:Infinity":27,"s:45:16:45:41":28,"s:46:4:46:Infinity":29,"s:48:25:48:53":30,"s:49:4:49:Infinity":31}}}
,"/workspaces/Bimex/bimex-frontend/src/utils/metaTags.js": {"path":"/workspaces/Bimex/bimex-frontend/src/utils/metaTags.js","statementMap":{"0":{"start":{"line":3,"column":24},"end":{"line":3,"column":null}},"1":{"start":{"line":5,"column":28},"end":{"line":10,"column":null}},"2":{"start":{"line":13,"column":12},"end":{"line":13,"column":49}},"3":{"start":{"line":14,"column":2},"end":{"line":16,"column":null}},"4":{"start":{"line":15,"column":4},"end":{"line":15,"column":null}},"5":{"start":{"line":16,"column":4},"end":{"line":16,"column":null}},"6":{"start":{"line":18,"column":2},"end":{"line":18,"column":null}},"7":{"start":{"line":18,"column":50},"end":{"line":18,"column":78}},"8":{"start":{"line":22,"column":2},"end":{"line":22,"column":null}},"9":{"start":{"line":22,"column":17},"end":{"line":22,"column":null}},"10":{"start":{"line":23,"column":17},"end":{"line":23,"column":null}},"11":{"start":{"line":24,"column":8},"end":{"line":24,"column":47}},"12":{"start":{"line":25,"column":17},"end":{"line":25,"column":null}},"13":{"start":{"line":26,"column":2},"end":{"line":31,"column":null}},"14":{"start":{"line":35,"column":2},"end":{"line":35,"column":null}},"15":{"start":{"line":36,"column":2},"end":{"line":36,"column":null}},"16":{"start":{"line":37,"column":2},"end":{"line":37,"column":null}},"17":{"start":{"line":38,"column":2},"end":{"line":38,"column":null}},"18":{"start":{"line":39,"column":2},"end":{"line":39,"column":null}},"19":{"start":{"line":40,"column":2},"end":{"line":40,"column":null}},"20":{"start":{"line":41,"column":2},"end":{"line":41,"column":null}},"21":{"start":{"line":42,"column":2},"end":{"line":42,"column":null}},"22":{"start":{"line":43,"column":2},"end":{"line":43,"column":null}},"23":{"start":{"line":47,"column":16},"end":{"line":47,"column":57}},"24":{"start":{"line":48,"column":2},"end":{"line":48,"column":null}}},"fnMap":{"0":{"name":"setMetaTag","decl":{"start":{"line":12,"column":9},"end":{"line":12,"column":20}},"loc":{"start":{"line":12,"column":37},"end":{"line":18,"column":null}},"line":12},"1":{"name":"(anonymous_1)","decl":{"start":{"line":18,"column":24},"end":{"line":18,"column":33}},"loc":{"start":{"line":18,"column":50},"end":{"line":18,"column":78}},"line":18},"2":{"name":"crearMetaProyecto","decl":{"start":{"line":21,"column":16},"end":{"line":21,"column":34}},"loc":{"start":{"line":21,"column":44},"end":{"line":31,"column":null}},"line":21},"3":{"name":"aplicarMeta","decl":{"start":{"line":34,"column":16},"end":{"line":34,"column":28}},"loc":{"start":{"line":34,"column":34},"end":{"line":43,"column":null}},"line":34},"4":{"name":"leerProyectoIdDesdePath","decl":{"start":{"line":46,"column":16},"end":{"line":46,"column":40}},"loc":{"start":{"line":46,"column":77},"end":{"line":48,"column":null}},"line":46}},"branchMap":{"0":{"loc":{"start":{"line":14,"column":2},"end":{"line":16,"column":null}},"type":"if","locations":[{"start":{"line":14,"column":2},"end":{"line":16,"column":null}},{"start":{},"end":{}}],"line":14},"1":{"loc":{"start":{"line":22,"column":2},"end":{"line":22,"column":null}},"type":"if","locations":[{"start":{"line":22,"column":2},"end":{"line":22,"column":null}},{"start":{},"end":{}}],"line":22},"2":{"loc":{"start":{"line":23,"column":17},"end":{"line":23,"column":null}},"type":"binary-expr","locations":[{"start":{"line":23,"column":17},"end":{"line":23,"column":36}},{"start":{"line":23,"column":36},"end":{"line":23,"column":null}}],"line":23},"3":{"loc":{"start":{"line":24,"column":28},"end":{"line":24,"column":47}},"type":"binary-expr","locations":[{"start":{"line":24,"column":28},"end":{"line":24,"column":45}},{"start":{"line":24,"column":45},"end":{"line":24,"column":47}}],"line":24},"4":{"loc":{"start":{"line":25,"column":17},"end":{"line":25,"column":null}},"type":"binary-expr","locations":[{"start":{"line":25,"column":17},"end":{"line":25,"column":36}},{"start":{"line":25,"column":36},"end":{"line":25,"column":null}}],"line":25},"5":{"loc":{"start":{"line":46,"column":40},"end":{"line":46,"column":77}},"type":"default-arg","locations":[{"start":{"line":46,"column":51},"end":{"line":46,"column":77}}],"line":46},"6":{"loc":{"start":{"line":48,"column":9},"end":{"line":48,"column":null}},"type":"cond-expr","locations":[{"start":{"line":48,"column":17},"end":{"line":48,"column":33}},{"start":{"line":48,"column":36},"end":{"line":48,"column":null}}],"line":48}},"s":{"0":3,"1":3,"2":168,"3":168,"4":16,"5":16,"6":168,"7":336,"8":11,"9":0,"10":11,"11":11,"12":11,"13":11,"14":21,"15":21,"16":21,"17":21,"18":21,"19":21,"20":21,"21":21,"22":21,"23":3,"24":3},"f":{"0":168,"1":336,"2":11,"3":21,"4":3},"b":{"0":[16,152],"1":[0,11],"2":[11,5],"3":[11,0],"4":[11,0],"5":[3],"6":[2,1]},"meta":{"lastBranch":7,"lastFunction":5,"lastStatement":25,"seen":{"s:3:24:3:Infinity":0,"s:5:28:10:Infinity":1,"f:12:9:12:20":0,"s:13:12:13:49":2,"b:14:2:16:Infinity:undefined:undefined:undefined:undefined":0,"s:14:2:16:Infinity":3,"s:15:4:15:Infinity":4,"s:16:4:16:Infinity":5,"s:18:2:18:Infinity":6,"f:18:24:18:33":1,"s:18:50:18:78":7,"f:21:16:21:34":2,"b:22:2:22:Infinity:undefined:undefined:undefined:undefined":1,"s:22:2:22:Infinity":8,"s:22:17:22:Infinity":9,"s:23:17:23:Infinity":10,"b:23:17:23:36:23:36:23:Infinity":2,"s:24:8:24:47":11,"b:24:28:24:45:24:45:24:47":3,"s:25:17:25:Infinity":12,"b:25:17:25:36:25:36:25:Infinity":4,"s:26:2:31:Infinity":13,"f:34:16:34:28":3,"s:35:2:35:Infinity":14,"s:36:2:36:Infinity":15,"s:37:2:37:Infinity":16,"s:38:2:38:Infinity":17,"s:39:2:39:Infinity":18,"s:40:2:40:Infinity":19,"s:41:2:41:Infinity":20,"s:42:2:42:Infinity":21,"s:43:2:43:Infinity":22,"f:46:16:46:40":4,"b:46:51:46:77":5,"s:47:16:47:57":23,"s:48:2:48:Infinity":24,"b:48:17:48:33:48:36:48:Infinity":6}}}
,"/workspaces/Bimex/bimex-frontend/src/utils/onboardingUtils.js": {"path":"/workspaces/Bimex/bimex-frontend/src/utils/onboardingUtils.js","statementMap":{"0":{"start":{"line":1,"column":25},"end":{"line":1,"column":null}},"1":{"start":{"line":4,"column":2},"end":{"line":4,"column":null}},"2":{"start":{"line":8,"column":2},"end":{"line":8,"column":null}}},"fnMap":{"0":{"name":"shouldShowTour","decl":{"start":{"line":3,"column":16},"end":{"line":3,"column":33}},"loc":{"start":{"line":3,"column":33},"end":{"line":4,"column":null}},"line":3},"1":{"name":"restartTour","decl":{"start":{"line":7,"column":16},"end":{"line":7,"column":30}},"loc":{"start":{"line":7,"column":30},"end":{"line":8,"column":null}},"line":7}},"branchMap":{},"s":{"0":2,"1":0,"2":0},"f":{"0":0,"1":0},"b":{},"meta":{"lastBranch":0,"lastFunction":2,"lastStatement":3,"seen":{"s:1:25:1:Infinity":0,"f:3:16:3:33":0,"s:4:2:4:Infinity":1,"f:7:16:7:30":1,"s:8:2:8:Infinity":2}}}
,"/workspaces/Bimex/bimex-frontend/src/utils/rendimiento.js": {"path":"/workspaces/Bimex/bimex-frontend/src/utils/rendimiento.js","statementMap":{"0":{"start":{"line":4,"column":21},"end":{"line":7,"column":null}},"1":{"start":{"line":10,"column":18},"end":{"line":10,"column":null}},"2":{"start":{"line":11,"column":16},"end":{"line":11,"column":null}},"3":{"start":{"line":12,"column":8},"end":{"line":12,"column":null}},"4":{"start":{"line":13,"column":18},"end":{"line":13,"column":null}},"5":{"start":{"line":14,"column":2},"end":{"line":18,"column":null}}},"fnMap":{"0":{"name":"calcProyeccion","decl":{"start":{"line":9,"column":16},"end":{"line":9,"column":31}},"loc":{"start":{"line":9,"column":71},"end":{"line":18,"column":null}},"line":9}},"branchMap":{"0":{"loc":{"start":{"line":9,"column":52},"end":{"line":9,"column":71}},"type":"default-arg","locations":[{"start":{"line":9,"column":59},"end":{"line":9,"column":71}}],"line":9},"1":{"loc":{"start":{"line":10,"column":18},"end":{"line":10,"column":null}},"type":"binary-expr","locations":[{"start":{"line":10,"column":18},"end":{"line":10,"column":38}},{"start":{"line":10,"column":42},"end":{"line":10,"column":null}}],"line":10},"2":{"loc":{"start":{"line":11,"column":16},"end":{"line":11,"column":null}},"type":"binary-expr","locations":[{"start":{"line":11,"column":16},"end":{"line":11,"column":31}},{"start":{"line":11,"column":31},"end":{"line":11,"column":null}}],"line":11},"3":{"loc":{"start":{"line":12,"column":20},"end":{"line":12,"column":42}},"type":"binary-expr","locations":[{"start":{"line":12,"column":20},"end":{"line":12,"column":33}},{"start":{"line":12,"column":37},"end":{"line":12,"column":42}}],"line":12}},"s":{"0":4,"1":20,"2":20,"3":20,"4":20,"5":20},"f":{"0":20},"b":{"0":[20],"1":[20,6],"2":[20,1],"3":[20,1]},"meta":{"lastBranch":4,"lastFunction":1,"lastStatement":6,"seen":{"s:4:21:7:Infinity":0,"f:9:16:9:31":0,"b:9:59:9:71":0,"s:10:18:10:Infinity":1,"b:10:18:10:38:10:42:10:Infinity":1,"s:11:16:11:Infinity":2,"b:11:16:11:31:11:31:11:Infinity":2,"s:12:8:12:Infinity":3,"b:12:20:12:33:12:37:12:42":3,"s:13:18:13:Infinity":4,"s:14:2:18:Infinity":5}}}
,"/workspaces/Bimex/bimex-frontend/src/utils/storage.js": {"path":"/workspaces/Bimex/bimex-frontend/src/utils/storage.js","statementMap":{"0":{"start":{"line":1,"column":21},"end":{"line":1,"column":30}},"1":{"start":{"line":4,"column":2},"end":{"line":4,"column":null}},"2":{"start":{"line":4,"column":37},"end":{"line":4,"column":null}},"3":{"start":{"line":5,"column":2},"end":{"line":12,"column":null}},"4":{"start":{"line":6,"column":20},"end":{"line":6,"column":null}},"5":{"start":{"line":7,"column":20},"end":{"line":7,"column":null}},"6":{"start":{"line":8,"column":4},"end":{"line":8,"column":null}},"7":{"start":{"line":9,"column":4},"end":{"line":9,"column":null}},"8":{"start":{"line":10,"column":4},"end":{"line":10,"column":null}},"9":{"start":{"line":12,"column":4},"end":{"line":12,"column":null}},"10":{"start":{"line":17,"column":18},"end":{"line":17,"column":101}},"11":{"start":{"line":18,"column":2},"end":{"line":18,"column":null}},"12":{"start":{"line":18,"column":15},"end":{"line":18,"column":null}},"13":{"start":{"line":20,"column":19},"end":{"line":20,"column":102}},"14":{"start":{"line":21,"column":2},"end":{"line":21,"column":null}},"15":{"start":{"line":21,"column":16},"end":{"line":21,"column":null}},"16":{"start":{"line":23,"column":2},"end":{"line":31,"column":null}},"17":{"start":{"line":24,"column":23},"end":{"line":24,"column":null}},"18":{"start":{"line":26,"column":6},"end":{"line":26,"column":null}},"19":{"start":{"line":29,"column":6},"end":{"line":29,"column":null}}},"fnMap":{"0":{"name":"safeStorage","decl":{"start":{"line":3,"column":9},"end":{"line":3,"column":21}},"loc":{"start":{"line":3,"column":27},"end":{"line":12,"column":null}},"line":3},"1":{"name":"getStorage","decl":{"start":{"line":16,"column":16},"end":{"line":16,"column":27}},"loc":{"start":{"line":16,"column":50},"end":{"line":31,"column":null}},"line":16},"2":{"name":"(anonymous_2)","decl":{"start":{"line":24,"column":4},"end":{"line":24,"column":14}},"loc":{"start":{"line":24,"column":23},"end":{"line":24,"column":null}},"line":24},"3":{"name":"(anonymous_3)","decl":{"start":{"line":25,"column":4},"end":{"line":25,"column":14}},"loc":{"start":{"line":25,"column":29},"end":{"line":26,"column":null}},"line":25},"4":{"name":"(anonymous_4)","decl":{"start":{"line":28,"column":4},"end":{"line":28,"column":17}},"loc":{"start":{"line":28,"column":25},"end":{"line":29,"column":null}},"line":28}},"branchMap":{"0":{"loc":{"start":{"line":4,"column":2},"end":{"line":4,"column":null}},"type":"if","locations":[{"start":{"line":4,"column":2},"end":{"line":4,"column":null}},{"start":{},"end":{}}],"line":4},"1":{"loc":{"start":{"line":16,"column":27},"end":{"line":16,"column":50}},"type":"default-arg","locations":[{"start":{"line":16,"column":39},"end":{"line":16,"column":50}}],"line":16},"2":{"loc":{"start":{"line":17,"column":18},"end":{"line":17,"column":101}},"type":"cond-expr","locations":[{"start":{"line":17,"column":42},"end":{"line":17,"column":69}},{"start":{"line":17,"column":72},"end":{"line":17,"column":101}}],"line":17},"3":{"loc":{"start":{"line":18,"column":2},"end":{"line":18,"column":null}},"type":"if","locations":[{"start":{"line":18,"column":2},"end":{"line":18,"column":null}},{"start":{},"end":{}}],"line":18},"4":{"loc":{"start":{"line":20,"column":19},"end":{"line":20,"column":102}},"type":"cond-expr","locations":[{"start":{"line":20,"column":43},"end":{"line":20,"column":72}},{"start":{"line":20,"column":75},"end":{"line":20,"column":102}}],"line":20},"5":{"loc":{"start":{"line":21,"column":2},"end":{"line":21,"column":null}},"type":"if","locations":[{"start":{"line":21,"column":2},"end":{"line":21,"column":null}},{"start":{},"end":{}}],"line":21},"6":{"loc":{"start":{"line":24,"column":23},"end":{"line":24,"column":null}},"type":"cond-expr","locations":[{"start":{"line":24,"column":47},"end":{"line":24,"column":68}},{"start":{"line":24,"column":71},"end":{"line":24,"column":null}}],"line":24}},"s":{"0":3,"1":9,"2":0,"3":9,"4":9,"5":9,"6":9,"7":9,"8":9,"9":0,"10":9,"11":9,"12":9,"13":0,"14":9,"15":0,"16":0,"17":0,"18":0,"19":0},"f":{"0":9,"1":9,"2":0,"3":0,"4":0},"b":{"0":[0,9],"1":[9],"2":[7,2],"3":[9,0],"4":[0,0],"5":[0,9],"6":[0,0]},"meta":{"lastBranch":7,"lastFunction":5,"lastStatement":20,"seen":{"s:1:21:1:30":0,"f:3:9:3:21":0,"b:4:2:4:Infinity:undefined:undefined:undefined:undefined":0,"s:4:2:4:Infinity":1,"s:4:37:4:Infinity":2,"s:5:2:12:Infinity":3,"s:6:20:6:Infinity":4,"s:7:20:7:Infinity":5,"s:8:4:8:Infinity":6,"s:9:4:9:Infinity":7,"s:10:4:10:Infinity":8,"s:12:4:12:Infinity":9,"f:16:16:16:27":1,"b:16:39:16:50":1,"s:17:18:17:101":10,"b:17:42:17:69:17:72:17:101":2,"b:18:2:18:Infinity:undefined:undefined:undefined:undefined":3,"s:18:2:18:Infinity":11,"s:18:15:18:Infinity":12,"s:20:19:20:102":13,"b:20:43:20:72:20:75:20:102":4,"b:21:2:21:Infinity:undefined:undefined:undefined:undefined":5,"s:21:2:21:Infinity":14,"s:21:16:21:Infinity":15,"s:23:2:31:Infinity":16,"f:24:4:24:14":2,"s:24:23:24:Infinity":17,"b:24:47:24:68:24:71:24:Infinity":6,"f:25:4:25:14":3,"s:26:6:26:Infinity":18,"f:28:4:28:17":4,"s:29:6:29:Infinity":19}}}
,"/workspaces/Bimex/bimex-frontend/src/utils/throttle.js": {"path":"/workspaces/Bimex/bimex-frontend/src/utils/throttle.js","statementMap":{"0":{"start":{"line":2,"column":22},"end":{"line":2,"column":null}},"1":{"start":{"line":4,"column":2},"end":{"line":21,"column":null}},"2":{"start":{"line":6,"column":20},"end":{"line":6,"column":30}},"3":{"start":{"line":7,"column":25},"end":{"line":7,"column":null}},"4":{"start":{"line":9,"column":6},"end":{"line":11,"column":null}},"5":{"start":{"line":10,"column":34},"end":{"line":10,"column":87}},"6":{"start":{"line":11,"column":8},"end":{"line":11,"column":null}},"7":{"start":{"line":14,"column":6},"end":{"line":14,"column":null}},"8":{"start":{"line":15,"column":6},"end":{"line":15,"column":null}},"9":{"start":{"line":18,"column":20},"end":{"line":18,"column":30}},"10":{"start":{"line":19,"column":6},"end":{"line":19,"column":null}}},"fnMap":{"0":{"name":"crearThrottle","decl":{"start":{"line":1,"column":16},"end":{"line":1,"column":30}},"loc":{"start":{"line":1,"column":46},"end":{"line":21,"column":null}},"line":1},"1":{"name":"(anonymous_1)","decl":{"start":{"line":5,"column":4},"end":{"line":5,"column":14}},"loc":{"start":{"line":5,"column":28},"end":{"line":15,"column":null}},"line":5},"2":{"name":"(anonymous_2)","decl":{"start":{"line":17,"column":4},"end":{"line":17,"column":19}},"loc":{"start":{"line":17,"column":31},"end":{"line":19,"column":null}},"line":17}},"branchMap":{"0":{"loc":{"start":{"line":1,"column":30},"end":{"line":1,"column":46}},"type":"default-arg","locations":[{"start":{"line":1,"column":40},"end":{"line":1,"column":46}}],"line":1},"1":{"loc":{"start":{"line":9,"column":6},"end":{"line":11,"column":null}},"type":"if","locations":[{"start":{"line":9,"column":6},"end":{"line":11,"column":null}},{"start":{},"end":{}}],"line":9}},"s":{"0":63,"1":63,"2":5,"3":5,"4":5,"5":2,"6":2,"7":3,"8":3,"9":2,"10":2},"f":{"0":63,"1":63,"2":63},"b":{"0":[63],"1":[2,3]},"meta":{"lastBranch":2,"lastFunction":3,"lastStatement":11,"seen":{"f:1:16:1:30":0,"b:1:40:1:46":0,"s:2:22:2:Infinity":0,"s:4:2:21:Infinity":1,"f:5:4:5:14":1,"s:6:20:6:30":2,"s:7:25:7:Infinity":3,"b:9:6:11:Infinity:undefined:undefined:undefined:undefined":1,"s:9:6:11:Infinity":4,"s:10:34:10:87":5,"s:11:8:11:Infinity":6,"s:14:6:14:Infinity":7,"s:15:6:15:Infinity":8,"f:17:4:17:19":2,"s:18:20:18:30":9,"s:19:6:19:Infinity":10}}}
}
